 2  2062 tabs.py             <module> LOG_PATH=C:\Users\Owner\Documents\GitHub\tabs\logs\tabs.log LOG_FILE=<_io.TextIOWrapper name='C:\\Users\\Owner\\Documents\\GitHub\\tabs\\logs\\tabs.log' mode='w' encoding='cp1252'>
 4    12 tabs.py          dumpGlobals argv      = <14[C:/Users/Owner/Documents/GitHub/tabs/tabs.py -f test.0.dat -n 2 2 10 6 -l 0 -s 0 1 -z]
 4    13 tabs.py          dumpGlobals PATH      = C:\Users\Owner\Documents\GitHub\tabs\tabs.py
 4    14 tabs.py          dumpGlobals BASE_PATH = C:\Users\Owner\Documents\GitHub\tabs
 4    15 tabs.py          dumpGlobals BASE_NAME = tabs
 4    81 tabs.py             __init__ STFILT:
[log getImap dumpGeom resetJ dumpJs dumpImap dumpSmap dumpCursorArrows <listcomp> dumpLimap2 dumpTniksPfx dumpTniksSfx]
 4    82 tabs.py             __init__ BGN <class '__main__.Tabs'>
 4    83 tabs.py             __init__ snapGlobArg =  C:\Users\Owner\Documents\GitHub\tabs\snaps\tabs.*.png
 4    84 tabs.py             __init__    snapGlob = []
 4  1919 tabs.py           deleteGlob deleting 0 file globs why=SNAP_GLOB
 4  1928 tabs.py          getFilePath subdir       = /
 4  1929 tabs.py          getFilePath filedir      = cats/
 4  1930 tabs.py          getFilePath filesfx      = .cat
 4  1934 tabs.py          getFilePath fileGlobArg  = C:\Users\Owner\Documents\GitHub\tabs\cats\tabs.*.cat
 4  1935 tabs.py          getFilePath fileGlob:
[]
 4  1939 tabs.py          getFilePath seq num      = 0 filesfx=.0.cat
 4    88 tabs.py             __init__ catPath=C:\Users\Owner\Documents\GitHub\tabs\cats\tabs.0.cat
 5    96 tabs.py             __init__ init() csrMode=1=CHORD  hArrow=1=RIGHT vArrow=0=UP  
 4    85 util.py         parseCmdLine argv=['C:/Users/Owner/Documents/GitHub/tabs/tabs.py', '-f', 'test.0.dat', '-n', '2', '2', '10', '6', '-l', '0', '-s', '0', '1', '-z']
[1] short [-f] [f] [[]]: 
[2] arg [test.0.dat] [f] [['test.0.dat']]: 
[3] short [-n] [n] [[]]: 
[4] arg [2] [n] [['2']]: 
[5] arg [2] [n] [['2', '2']]: 
[6] arg [10] [n] [['2', '2', '10']]: 
[7] arg [6] [n] [['2', '2', '10', '6']]: 
[8] short [-l] [l] [[]]: 
[9] arg [0] [l] [['0']]: 
[10] short [-s] [s] [[]]: 
[11] arg [0] [s] [['0']]: 
[12] arg [1] [s] [['0', '1']]: 
[13] short [-z] [z] [[]]: 
 4   121 util.py         parseCmdLine options={'f': ['test.0.dat'], 'n': ['2', '2', '10', '6'], 'l': ['0'], 's': ['0', '1'], 'z': []}
 4   109 tabs.py             __init__ argMap=[f:[test.0.dat]n:[2 2 10 6]l:[0]s:[0 1]z:[]]
 5   150 tabs.py             dumpArgs [f]             f=test.0.dat
 5   151 tabs.py             dumpArgs [n]             n=[ 2  2  1  10 6]
 5   152 tabs.py             dumpArgs [i]             i=[ 1  1  1   1 6]
 5   153 tabs.py             dumpArgs [a]     AUTO_SAVE=0
 5   154 tabs.py             dumpArgs [c]           CAT=0
 5   155 tabs.py             dumpArgs [C] CHECKER_BOARD=0
 5   156 tabs.py             dumpArgs [e]     EVENT_LOG=0
 5   157 tabs.py             dumpArgs [F]   FULL_SCREEN=0
 5   158 tabs.py             dumpArgs [g]   ORDER_GROUP=0
 5   159 tabs.py             dumpArgs [p]          SNAP=0
 5   160 tabs.py             dumpArgs [r]        RESIZE=1
 5   161 tabs.py             dumpArgs [q]    SEQ_FNAMES=1
 5   162 tabs.py             dumpArgs [x]        SUBPIX=0
 5   163 tabs.py             dumpArgs [s]       SPRITES=0
 5   164 tabs.py             dumpArgs [t]          TEST=0
 5   165 tabs.py             dumpArgs [v]       VERBOSE=0
 5   166 tabs.py             dumpArgs [L]            LL=0
 5   167 tabs.py             dumpArgs [S]            SS=[0]
 5   168 tabs.py             dumpArgs [Z]            ZZ=[]
 4   172 util.py             __init__ stringMap   = [E2:28 A2:33 D3:38 G3:43 B3:47 E4:52]
 4   173 util.py             __init__ stringKeys  = [E2 A2 D3 G3 B3 E4]
 4   174 util.py             __init__ stringNames =      EBGDAE
 4   175 util.py             __init__ stringNumbs =      123456
 4   176 util.py             __init__ stringCapo  =      000000
 4   177 util.py             __init__ strLabel    =      STRING
 4   178 util.py             __init__ cpoLabel    =       CAPO 
 4   135 tabs.py             __init__  Note.TYPE=1
 5   238 tabs.py        _initDataPath dataName0 = test.0.dat.asv
 5   239 tabs.py        _initDataPath dataName1 = test.0.dat
 5   240 tabs.py        _initDataPath dataName2 = test.0.dat.bck
 5   241 tabs.py        _initDataPath dataPath0 = C:\Users\Owner\Documents\GitHub\tabs\data\test.0.dat.asv
 5   242 tabs.py        _initDataPath dataPath1 = C:\Users\Owner\Documents\GitHub\tabs\data\test.0.dat
 5   243 tabs.py        _initDataPath dataPath2 = C:\Users\Owner\Documents\GitHub\tabs\data\test.0.dat.bck
 5   254 tabs.py         _initWindowA BGN (NonexNone)
 5   254 tabs.py         _initWindowA display=<pyglet.canvas.win32.Win32Display object at 0x000001A2A6AB1780>
 5   257 tabs.py         _initWindowA screens[0] x=0 y=    0 (1097x617)
 5   257 tabs.py         _initWindowA screens[1] x=0 y= -686 (1097x686)
 5   258 tabs.py         _initWindowA END (NonexNone)
 4   140 tabs.py             __init__ WxH=(NonexNone)
 4   142 tabs.py             __init__ WxH=(640x480)
 5   270 tabs.py         _initWindowB BGN (640x480)
 6   287 tabs.py          _initGroups (0) g=<pyglet.graphics.Group object at 0x000001A2ADBBB8B0> pg=None
 6   287 tabs.py          _initGroups (1) g=<pyglet.graphics.Group object at 0x000001A2ADBBB9D0> pg=<pyglet.graphics.Group object at 0x000001A2ADBBB8B0>
 6   287 tabs.py          _initGroups (2) g=<pyglet.graphics.Group object at 0x000001A2ADBBBA90> pg=<pyglet.graphics.Group object at 0x000001A2ADBBB9D0>
 6   287 tabs.py          _initGroups (3) g=<pyglet.graphics.Group object at 0x000001A2ADBBBB80> pg=<pyglet.graphics.Group object at 0x000001A2ADBBBA90>
 6   287 tabs.py          _initGroups (4) g=<pyglet.graphics.Group object at 0x000001A2ADBBBCD0> pg=<pyglet.graphics.Group object at 0x000001A2ADBBBB80>
 6   287 tabs.py          _initGroups (5) g=<pyglet.graphics.Group object at 0x000001A2ADBBBDF0> pg=<pyglet.graphics.Group object at 0x000001A2ADBBBCD0>
 6   287 tabs.py          _initGroups (6) g=<pyglet.graphics.Group object at 0x000001A2ADBBBF10> pg=<pyglet.graphics.Group object at 0x000001A2ADBBBDF0>
 6   287 tabs.py          _initGroups (7) g=<pyglet.graphics.Group object at 0x000001A2ADD00070> pg=<pyglet.graphics.Group object at 0x000001A2ADBBBF10>
 5   274 tabs.py         _initWindowB get_size=(640, 480)
 5   280 tabs.py         _initWindowB END (640x480)
 4   144 tabs.py             __init__ WxH=(640x480)
 5   171 tabs.py              _reinit BGN
 5   177 tabs.py              _reinit E=[[][][][][][][][][][][][][][]]
 7   178 tabs.py              _reinit   J1 0 0 0 0 0 0 0 0 0 0 0 0 0 0 0 _reinit
 7   178 tabs.py              _reinit   J2 0 0 0 0 0 0 0 0 0 0 0 0 0 0 0 _reinit
 7   178 tabs.py              _reinit   LE 0 0 0 0 0 0 0 0 0 0 0 0 0 0 0 _reinit
 7   217 tabs.py          _initColors [ 0] [[ 94  39 132 255]]
 7   217 tabs.py          _initColors [ 1] [[ 18  11 112 255]]
 7   217 tabs.py          _initColors [ 2] [[ 15 112 112 255]]
 7   217 tabs.py          _initColors [ 3] [[ 48  48  48 255]]
 7   217 tabs.py          _initColors [ 4] [[255 128   0 255]]
 7   217 tabs.py          _initColors [ 5] [[ 12 255  11 255]]
 7   217 tabs.py          _initColors [ 6] [[255 255  10 255]]
 7   217 tabs.py          _initColors [ 7] [[ 13 255 255 255]]
 7   217 tabs.py          _initColors [ 8] [[255  64 192 255]]
 7   217 tabs.py          _initColors [ 9] [[ 15  11 207 255]]
 7   217 tabs.py          _initColors [10] [[255  64 192 255]]
 7   217 tabs.py          _initColors [11] [[ 13  11 255 255]]
 7   217 tabs.py          _initColors [12] [[255  64 192 255]]
 7   217 tabs.py          _initColors [13] [[255  64 192 255][255 255  10 168][ 12 255  11 255][255  12  11 255]]
 8   238 tabs.py        _initDataPath dataName0 = test.0.dat.asv
 8   239 tabs.py        _initDataPath dataName1 = test.0.dat
 8   240 tabs.py        _initDataPath dataName2 = test.0.dat.bck
 8   241 tabs.py        _initDataPath dataPath0 = C:\Users\Owner\Documents\GitHub\tabs\data\test.0.dat.asv
 8   242 tabs.py        _initDataPath dataPath1 = C:\Users\Owner\Documents\GitHub\tabs\data\test.0.dat
 8   243 tabs.py        _initDataPath dataPath2 = C:\Users\Owner\Documents\GitHub\tabs\data\test.0.dat.bck
 8   418 tabs.py         readDataFile BGN [2 2 1 10 6] dataPath1=C:\Users\Owner\Documents\GitHub\tabs\data\test.0.dat
 8   421 tabs.py         readDataFile     C:\Users\Owner\Documents\GitHub\tabs\data\test.0.dat      296 bytes =    0.3 KB
 p  l  s   t  sp sl  ss   st  <tabs      >                      lp ll  ls   lt
 0  0  0   0   0  0   1   10  <---------->   strs.add(tabs)   0  0   1   10
 0  0  1   0   0  0   2   20  <---------->   strs.add(tabs)   0  0   2   10
 0  0  2   0   0  0   3   30  <---------->   strs.add(tabs)   0  0   3   10
 0  0  3   0   0  0   4   40  <---------->   strs.add(tabs)   0  0   4   10
 0  0  4   0   0  0   5   50  <---------->   strs.add(tabs)   0  0   5   10
 0  0  5   0   0  0   6   60  <---------->   strs.add(tabs)   0  0   6   10
 0  0  0   0   0  1   6   60  <>            lines.add(strs)   0  1   0    0
 0  1  0   0   0  1   7   70  <---------->   strs.add(tabs)   0  1   1   10
 0  1  1   0   0  1   8   80  <---------->   strs.add(tabs)   0  1   2   10
 0  1  2   0   0  1   9   90  <---------->   strs.add(tabs)   0  1   3   10
 0  1  3   0   0  1  10  100  <---------->   strs.add(tabs)   0  1   4   10
 0  1  4   0   0  1  11  110  <---------->   strs.add(tabs)   0  1   5   10
 0  1  5   0   0  1  12  120  <---------->   strs.add(tabs)   0  1   6   10
 0  1  0   0   0  2  12  120  <>            lines.add(strs)   0  2   0    0
 0  1  0   0   1  2  12  120  <>            pages.add(lines)  1  0   0    0
 1  0  0   0   1  2  13  130  <---------->   strs.add(tabs)   1  0   1   10
 1  0  1   0   1  2  14  140  <---------->   strs.add(tabs)   1  0   2   10
 1  0  2   0   1  2  15  150  <---------->   strs.add(tabs)   1  0   3   10
 1  0  3   0   1  2  16  160  <---------->   strs.add(tabs)   1  0   4   10
 1  0  4   0   1  2  17  170  <---------->   strs.add(tabs)   1  0   5   10
 1  0  5   0   1  2  18  180  <---------->   strs.add(tabs)   1  0   6   10
 1  0  0   0   1  3  18  180  <>            lines.add(strs)   1  1   0    0
 1  1  0   0   1  3  19  190  <---------->   strs.add(tabs)   1  1   1   10
 1  1  1   0   1  3  20  200  <---------->   strs.add(tabs)   1  1   2   10
 1  1  2   0   1  3  21  210  <---------->   strs.add(tabs)   1  1   3   10
 1  1  3   0   1  3  22  220  <---------->   strs.add(tabs)   1  1   4   10
 1  1  4   0   1  3  23  230  <---------->   strs.add(tabs)   1  1   5   10
 1  1  5   0   1  3  24  240  <---------->   strs.add(tabs)   1  1   6   10
 1  1  0   0   1  4  24  240  <>            lines.add(strs)   1  2   0    0
 1  1  0   0   2  4  24  240  <>            pages.add(lines)  2  0   0    0
 p  l  s   t  sp sl  ss   st  <tabs      >                      lp ll  ls   lt
 8   433 tabs.py         readDataFile     read 2 pages 4 lines @ 2 lines/page 24 strs @ 6 strs/line 240 tabs @ 10 tabs/str 270 objs
 8   434 tabs.py         readDataFile END C:\Users\Owner\Documents\GitHub\tabs\data\test.0.dat      296 bytes =    0.3 KB
 9   443 tabs.py               isVert BGN  len(data 0 00 000)=[2 2 6 10]
 9   444 tabs.py               isVert     type(data 0 00 000)=[<class 'list'> <class 'list'> <class 'list'> <class 'str'>]
 9   448 tabs.py               isVert END  len(data 0 00 000)=[2 2 6 10] vert=0
 8  1114 tabs.py            data2plrc dl=[2 2 6 10] plrc=[2 2 10 6]
 7   223 tabs.py            _initData reseting from n=[2 2 1 10 6] to n=[2 2 1 10 6]
 8   307 tabs.py             _initTpz tpz=[120 60 60 6]
 8  1718 tabs.py           syncBlanks tblank=- blankCol=------
 9   485 tabs.py         dumpDataHorz BGN (2x2x6x10) lc=1 ll=1 i=0
Page 1 Line 1
         1
1234567890
             
----------
----------
----------
----------
----------
----------

Page 1 Line 2
         1
1234567890
             
----------
----------
----------
----------
----------
----------

Page 2 Line 1
         1
1234567890
             
----------
----------
----------
----------
----------
----------

Page 2 Line 2
         1
1234567890
             
----------
----------
----------
----------
----------
----------

 9   498 tabs.py         dumpDataHorz END (2x2x6x10) lc=1 ll=1 i=0
 9   468 tabs.py        transposeData BGN (2x2x6x10) External
 9   469 tabs.py        transposeData dl=[2 2 6 10] dt=[<class 'list'> <class 'list'> <class 'list'> <class 'str'>]
---------- ---------- ---------- ---------- ---------- ----------
---------- ---------- ---------- ---------- ---------- ----------
---------- ---------- ---------- ---------- ---------- ----------
---------- ---------- ---------- ---------- ---------- ----------

------ ------ ------ ------ ------ ------ ------ ------ ------ ------
------ ------ ------ ------ ------ ------ ------ ------ ------ ------
------ ------ ------ ------ ------ ------ ------ ------ ------ ------
------ ------ ------ ------ ------ ------ ------ ------ ------ ------
 9   480 tabs.py        transposeData END (2x2x10x6) External
 9   503 tabs.py         dumpDataVert BGN (2x2x10x6) lc=1 ll=1 i=0 w=6 txt=Col 
Page 1
Col Line 1 Line 2
  1 ------ ------ 
  2 ------ ------ 
  3 ------ ------ 
  4 ------ ------ 
  5 ------ ------ 
  6 ------ ------ 
  7 ------ ------ 
  8 ------ ------ 
  9 ------ ------ 
 10 ------ ------ 
Page 2
Col Line 1 Line 2
  1 ------ ------ 
  2 ------ ------ 
  3 ------ ------ 
  4 ------ ------ 
  5 ------ ------ 
  6 ------ ------ 
  7 ------ ------ 
  8 ------ ------ 
  9 ------ ------ 
 10 ------ ------ 
 9   511 tabs.py         dumpDataVert END (2x2x10x6) lc=1 ll=1 i=0
 8   397 tabs.py         saveDataFile _initData() f=2
C:\Users\Owner\Documents\GitHub\tabs\data\test.0.dat.bck
 9   468 tabs.py        transposeData BGN (2x2x10x6) External
 9   469 tabs.py        transposeData dl=[2 2 10 6] dt=[<class 'list'> <class 'list'> <class 'list'> <class 'str'>]
------ ------ ------ ------ ------ ------ ------ ------ ------ ------
------ ------ ------ ------ ------ ------ ------ ------ ------ ------
------ ------ ------ ------ ------ ------ ------ ------ ------ ------
------ ------ ------ ------ ------ ------ ------ ------ ------ ------

---------- ---------- ---------- ---------- ---------- ----------
---------- ---------- ---------- ---------- ---------- ----------
---------- ---------- ---------- ---------- ---------- ----------
---------- ---------- ---------- ---------- ---------- ----------
 9   480 tabs.py        transposeData END (2x2x6x10) External
writing 1st page
writing 1st line
writing 1st string ----------
writing 2nd string ----------
writing 3rd string ----------
writing 4th string ----------
writing 5th string ----------
writing 6th string ----------
writing 2nd line
writing 1st string ----------
writing 2nd string ----------
writing 3rd string ----------
writing 4th string ----------
writing 5th string ----------
writing 6th string ----------
writing 2nd page
writing 1st line
writing 1st string ----------
writing 2nd string ----------
writing 3rd string ----------
writing 4th string ----------
writing 5th string ----------
writing 6th string ----------
writing 2nd line
writing 1st string ----------
writing 2nd string ----------
writing 3rd string ----------
writing 4th string ----------
writing 5th string ----------
writing 6th string ----------
 7   266 tabs.py           _initFonts pix=height/n=480/12=40.0 nl=2 ns=1 nt=6 FONT_SCALE=0.8 fs=pix*FONT_SCALE=32.00pt
 8  1140 tabs.py             dumpFont 4:96dpi 32.00pt 0:Lucida Console 0:(255, 64, 192, 255) 32.00pt = 0.800(pt/pix) * 40.00pixels 
labelTextA=[1 2 3 4 5 6 7 8 9 10]
labelTextB=[1 2 3 4 5 6 7 8 9 1]
texts=[[1 1][2 2][3 3][4 4][5 5][6 6][7 7][8 8][9 9][10 1]]
 9   534 tabs.py        dumpLabelText  len(t)=10 len(t[0])=2
 1   2   3   4   5   6   7   8   9  10  
                                     %  
 1   2   3   4   5   6   7   8   9   1  
llText[0]=    [1 2 3 4 5 6 7 8 9 1]
llText[1]=  [M 1 2 3 4 5 6 7 8 9 1]
llText[2]=[R M 1 2 3 4 5 6 7 8 9 1]
10   870 tabs.py          createTniks BGN (2x2x10x6) (1x1x1x6) [0]       0 []    J2=[0 0 0 0 0 0 0 0 0 0 0 0 0 0 0] 
11   870 tabs.py          createTniks   J1 0 0 0 0 0 0 0 0 0 0 0 0 0 0 0 
11   870 tabs.py          createTniks   J2 0 0 0 0 0 0 0 0 0 0 0 0 0 0 0 
11   870 tabs.py          createTniks   LE 0 0 0 0 0 0 0 0 0 0 0 0 0 0 0 
P  L  S   C    T    N    I    K No Nm Cp LR  LC Z  Tid     X       Y       W       H   G why  Name  Cnt Sz  Identity   Txt Red Grn Blu Opc Dpi B I  Font Name
1  0  0   0    0    0    0    0  0  0  0  0   0 0    1  320.00  240.00  640.00  480.00 0 New  Page    1  0 1a2adbba290   94  39 132 255  96 0 0 Lucida Console
1  1  0   0    0    0    0    0  0  0  0  0   0 0    2  320.00  360.00  640.00  240.00 1 New  Line    1 32 1a2adbbab60   18  11 112 255  96 0 0 Lucida Console
1  1  1   0    0    0    0    0  0  0  0  0   0 0    3  320.00  360.00  640.00  240.00 2 New  Sect    1 32 1a2adbbb250   15 112 112 255  96 0 0 Lucida Console
1  1  1   1    0    0    0    0  0  0  0  0   0 0    4   32.00  360.00   64.00  240.00 3 New  Col     1 32 1a2add00340   48  48  48 255  96 0 0 Lucida Console
1  1  1   1    1    0    0    0  0  0  0  0   0 0    5   32.00  460.00   64.00   40.00 4 New  Tab     1 32 1a2add00910 - 255 128   0 255  96 0 0 Lucida Console
1  1  1   1    2    0    0    0  0  0  0  0   0 0    6   32.00  420.00   64.00   40.00 4 New  Tab     2 32 1a2add018d0 - 255 128   0 255  96 0 0 Lucida Console
1  1  1   1    3    0    0    0  0  0  0  0   0 0    7   32.00  380.00   64.00   40.00 4 New  Tab     3 32 1a2add02800 - 255 128   0 255  96 0 0 Lucida Console
1  1  1   1    4    0    0    0  0  0  0  0   0 0    8   32.00  340.00   64.00   40.00 4 New  Tab     4 32 1a2add02e90 - 255 128   0 255  96 0 0 Lucida Console
1  1  1   1    5    0    0    0  0  0  0  0   0 0    9   32.00  300.00   64.00   40.00 4 New  Tab     5 32 1a2add035e0 - 255 128   0 255  96 0 0 Lucida Console
1  1  1   1    6    0    0    0  0  0  0  0   0 0   10   32.00  260.00   64.00   40.00 4 New  Tab     6 32 1a2add03d60 - 255 128   0 255  96 0 0 Lucida Console
1  1  1   2    6    0    0    0  0  0  0  0   0 0   11   96.00  360.00   64.00  240.00 3 New  Col     2 32 1a2add20580   48  48  48 255  96 0 0 Lucida Console
1  1  1   2    7    0    0    0  0  0  0  0   0 0   12   96.00  460.00   64.00   40.00 4 New  Tab     7 32 1a2add20820 - 255 128   0 255  96 0 0 Lucida Console
1  1  1   2    8    0    0    0  0  0  0  0   0 0   13   96.00  420.00   64.00   40.00 4 New  Tab     8 32 1a2add21330 - 255 128   0 255  96 0 0 Lucida Console
1  1  1   2    9    0    0    0  0  0  0  0   0 0   14   96.00  380.00   64.00   40.00 4 New  Tab     9 32 1a2add21ab0 - 255 128   0 255  96 0 0 Lucida Console
1  1  1   2   10    0    0    0  0  0  0  0   0 0   15   96.00  340.00   64.00   40.00 4 New  Tab    10 32 1a2add22230 - 255 128   0 255  96 0 0 Lucida Console
1  1  1   2   11    0    0    0  0  0  0  0   0 0   16   96.00  300.00   64.00   40.00 4 New  Tab    11 32 1a2add22a10 - 255 128   0 255  96 0 0 Lucida Console
1  1  1   2   12    0    0    0  0  0  0  0   0 0   17   96.00  260.00   64.00   40.00 4 New  Tab    12 32 1a2add23190 - 255 128   0 255  96 0 0 Lucida Console
1  1  1   3   12    0    0    0  0  0  0  0   0 0   18  160.00  360.00   64.00  240.00 3 New  Col     3 32 1a2add23910   48  48  48 255  96 0 0 Lucida Console
1  1  1   3   13    0    0    0  0  0  0  0   0 0   19  160.00  460.00   64.00   40.00 4 New  Tab    13 32 1a2add23bb0 - 255 128   0 255  96 0 0 Lucida Console
1  1  1   3   14    0    0    0  0  0  0  0   0 0   20  160.00  420.00   64.00   40.00 4 New  Tab    14 32 1a2b0ed4700 - 255 128   0 255  96 0 0 Lucida Console
1  1  1   3   15    0    0    0  0  0  0  0   0 0   21  160.00  380.00   64.00   40.00 4 New  Tab    15 32 1a2b0ed4e80 - 255 128   0 255  96 0 0 Lucida Console
1  1  1   3   16    0    0    0  0  0  0  0   0 0   22  160.00  340.00   64.00   40.00 4 New  Tab    16 32 1a2b0ed5600 - 255 128   0 255  96 0 0 Lucida Console
1  1  1   3   17    0    0    0  0  0  0  0   0 0   23  160.00  300.00   64.00   40.00 4 New  Tab    17 32 1a2b0ed5d80 - 255 128   0 255  96 0 0 Lucida Console
1  1  1   3   18    0    0    0  0  0  0  0   0 0   24  160.00  260.00   64.00   40.00 4 New  Tab    18 32 1a2b0ed6500 - 255 128   0 255  96 0 0 Lucida Console
1  1  1   4   18    0    0    0  0  0  0  0   0 0   25  224.00  360.00   64.00  240.00 3 New  Col     4 32 1a2b0ed6ce0   48  48  48 255  96 0 0 Lucida Console
1  1  1   4   19    0    0    0  0  0  0  0   0 0   26  224.00  460.00   64.00   40.00 4 New  Tab    19 32 1a2b0ed6f80 - 255 128   0 255  96 0 0 Lucida Console
1  1  1   4   20    0    0    0  0  0  0  0   0 0   27  224.00  420.00   64.00   40.00 4 New  Tab    20 32 1a2b0ed7a90 - 255 128   0 255  96 0 0 Lucida Console
1  1  1   4   21    0    0    0  0  0  0  0   0 0   28  224.00  380.00   64.00   40.00 4 New  Tab    21 32 1a2b0ed7fd0 - 255 128   0 255  96 0 0 Lucida Console
1  1  1   4   22    0    0    0  0  0  0  0   0 0   29  224.00  340.00   64.00   40.00 4 New  Tab    22 32 1a2b0ef09d0 - 255 128   0 255  96 0 0 Lucida Console
1  1  1   4   23    0    0    0  0  0  0  0   0 0   30  224.00  300.00   64.00   40.00 4 New  Tab    23 32 1a2b0ef1150 - 255 128   0 255  96 0 0 Lucida Console
1  1  1   4   24    0    0    0  0  0  0  0   0 0   31  224.00  260.00   64.00   40.00 4 New  Tab    24 32 1a2b0ef18d0 - 255 128   0 255  96 0 0 Lucida Console
1  1  1   5   24    0    0    0  0  0  0  0   0 0   32  288.00  360.00   64.00  240.00 3 New  Col     5 32 1a2b0ef2050   48  48  48 255  96 0 0 Lucida Console
1  1  1   5   25    0    0    0  0  0  0  0   0 0   33  288.00  460.00   64.00   40.00 4 New  Tab    25 32 1a2b0ef22f0 - 255 128   0 255  96 0 0 Lucida Console
1  1  1   5   26    0    0    0  0  0  0  0   0 0   34  288.00  420.00   64.00   40.00 4 New  Tab    26 32 1a2b0ef2e00 - 255 128   0 255  96 0 0 Lucida Console
1  1  1   5   27    0    0    0  0  0  0  0   0 0   35  288.00  380.00   64.00   40.00 4 New  Tab    27 32 1a2b0ef3580 - 255 128   0 255  96 0 0 Lucida Console
1  1  1   5   28    0    0    0  0  0  0  0   0 0   36  288.00  340.00   64.00   40.00 4 New  Tab    28 32 1a2b0ef3d00 - 255 128   0 255  96 0 0 Lucida Console
1  1  1   5   29    0    0    0  0  0  0  0   0 0   37  288.00  300.00   64.00   40.00 4 New  Tab    29 32 1a2b0ef3fa0 - 255 128   0 255  96 0 0 Lucida Console
1  1  1   5   30    0    0    0  0  0  0  0   0 0   38  288.00  260.00   64.00   40.00 4 New  Tab    30 32 1a2b0f04c40 - 255 128   0 255  96 0 0 Lucida Console
1  1  1   6   30    0    0    0  0  0  0  0   0 0   39  352.00  360.00   64.00  240.00 3 New  Col     6 32 1a2b0f053c0   48  48  48 255  96 0 0 Lucida Console
1  1  1   6   31    0    0    0  0  0  0  0   0 0   40  352.00  460.00   64.00   40.00 4 New  Tab    31 32 1a2b0f05660 - 255 128   0 255  96 0 0 Lucida Console
1  1  1   6   32    0    0    0  0  0  0  0   0 0   41  352.00  420.00   64.00   40.00 4 New  Tab    32 32 1a2b0f06170 - 255 128   0 255  96 0 0 Lucida Console
1  1  1   6   33    0    0    0  0  0  0  0   0 0   42  352.00  380.00   64.00   40.00 4 New  Tab    33 32 1a2b0f068f0 - 255 128   0 255  96 0 0 Lucida Console
1  1  1   6   34    0    0    0  0  0  0  0   0 0   43  352.00  340.00   64.00   40.00 4 New  Tab    34 32 1a2b0f07070 - 255 128   0 255  96 0 0 Lucida Console
1  1  1   6   35    0    0    0  0  0  0  0   0 0   44  352.00  300.00   64.00   40.00 4 New  Tab    35 32 1a2b0f07850 - 255 128   0 255  96 0 0 Lucida Console
1  1  1   6   36    0    0    0  0  0  0  0   0 0   45  352.00  260.00   64.00   40.00 4 New  Tab    36 32 1a2b0f07f10 - 255 128   0 255  96 0 0 Lucida Console
1  1  1   7   36    0    0    0  0  0  0  0   0 0   46  416.00  360.00   64.00  240.00 3 New  Col     7 32 1a2b0f18790   48  48  48 255  96 0 0 Lucida Console
1  1  1   7   37    0    0    0  0  0  0  0   0 0   47  416.00  460.00   64.00   40.00 4 New  Tab    37 32 1a2b0f18a30 - 255 128   0 255  96 0 0 Lucida Console
1  1  1   7   38    0    0    0  0  0  0  0   0 0   48  416.00  420.00   64.00   40.00 4 New  Tab    38 32 1a2b0f19540 - 255 128   0 255  96 0 0 Lucida Console
1  1  1   7   39    0    0    0  0  0  0  0   0 0   49  416.00  380.00   64.00   40.00 4 New  Tab    39 32 1a2adbb93c0 - 255 128   0 255  96 0 0 Lucida Console
1  1  1   7   40    0    0    0  0  0  0  0   0 0   50  416.00  340.00   64.00   40.00 4 New  Tab    40 32 1a2b0ef3f40 - 255 128   0 255  96 0 0 Lucida Console
1  1  1   7   41    0    0    0  0  0  0  0   0 0   51  416.00  300.00   64.00   40.00 4 New  Tab    41 32 1a2b0f1a1d0 - 255 128   0 255  96 0 0 Lucida Console
1  1  1   7   42    0    0    0  0  0  0  0   0 0   52  416.00  260.00   64.00   40.00 4 New  Tab    42 32 1a2b0f1a950 - 255 128   0 255  96 0 0 Lucida Console
1  1  1   8   42    0    0    0  0  0  0  0   0 0   53  480.00  360.00   64.00  240.00 3 New  Col     8 32 1a2b0f1b0d0   48  48  48 255  96 0 0 Lucida Console
1  1  1   8   43    0    0    0  0  0  0  0   0 0   54  480.00  460.00   64.00   40.00 4 New  Tab    43 32 1a2b0f1b370 - 255 128   0 255  96 0 0 Lucida Console
1  1  1   8   44    0    0    0  0  0  0  0   0 0   55  480.00  420.00   64.00   40.00 4 New  Tab    44 32 1a2b0f1be80 - 255 128   0 255  96 0 0 Lucida Console
1  1  1   8   45    0    0    0  0  0  0  0   0 0   56  480.00  380.00   64.00   40.00 4 New  Tab    45 32 1a2b0f30640 - 255 128   0 255  96 0 0 Lucida Console
1  1  1   8   46    0    0    0  0  0  0  0   0 0   57  480.00  340.00   64.00   40.00 4 New  Tab    46 32 1a2b0f30dc0 - 255 128   0 255  96 0 0 Lucida Console
1  1  1   8   47    0    0    0  0  0  0  0   0 0   58  480.00  300.00   64.00   40.00 4 New  Tab    47 32 1a2b0f31540 - 255 128   0 255  96 0 0 Lucida Console
1  1  1   8   48    0    0    0  0  0  0  0   0 0   59  480.00  260.00   64.00   40.00 4 New  Tab    48 32 1a2b0f31cc0 - 255 128   0 255  96 0 0 Lucida Console
1  1  1   9   48    0    0    0  0  0  0  0   0 0   60  544.00  360.00   64.00  240.00 3 New  Col     9 32 1a2b0f32440   48  48  48 255  96 0 0 Lucida Console
1  1  1   9   49    0    0    0  0  0  0  0   0 0   61  544.00  460.00   64.00   40.00 4 New  Tab    49 32 1a2b0f326e0 - 255 128   0 255  96 0 0 Lucida Console
1  1  1   9   50    0    0    0  0  0  0  0   0 0   62  544.00  420.00   64.00   40.00 4 New  Tab    50 32 1a2b0f331f0 - 255 128   0 255  96 0 0 Lucida Console
1  1  1   9   51    0    0    0  0  0  0  0   0 0   63  544.00  380.00   64.00   40.00 4 New  Tab    51 32 1a2b0f33970 - 255 128   0 255  96 0 0 Lucida Console
1  1  1   9   52    0    0    0  0  0  0  0   0 0   64  544.00  340.00   64.00   40.00 4 New  Tab    52 32 1a2b0f33e50 - 255 128   0 255  96 0 0 Lucida Console
1  1  1   9   53    0    0    0  0  0  0  0   0 0   65  544.00  300.00   64.00   40.00 4 New  Tab    53 32 1a2b0f448b0 - 255 128   0 255  96 0 0 Lucida Console
1  1  1   9   54    0    0    0  0  0  0  0   0 0   66  544.00  260.00   64.00   40.00 4 New  Tab    54 32 1a2b0f45030 - 255 128   0 255  96 0 0 Lucida Console
1  1  1  10   54    0    0    0  0  0  0  0   0 0   67  608.00  360.00   64.00  240.00 3 New  Col    10 32 1a2b0f457b0   48  48  48 255  96 0 0 Lucida Console
1  1  1  10   55    0    0    0  0  0  0  0   0 0   68  608.00  460.00   64.00   40.00 4 New  Tab    55 32 1a2b0f45a50 - 255 128   0 255  96 0 0 Lucida Console
1  1  1  10   56    0    0    0  0  0  0  0   0 0   69  608.00  420.00   64.00   40.00 4 New  Tab    56 32 1a2b0f46560 - 255 128   0 255  96 0 0 Lucida Console
1  1  1  10   57    0    0    0  0  0  0  0   0 0   70  608.00  380.00   64.00   40.00 4 New  Tab    57 32 1a2b0f46ce0 - 255 128   0 255  96 0 0 Lucida Console
1  1  1  10   58    0    0    0  0  0  0  0   0 0   71  608.00  340.00   64.00   40.00 4 New  Tab    58 32 1a2b0f47460 - 255 128   0 255  96 0 0 Lucida Console
1  1  1  10   59    0    0    0  0  0  0  0   0 0   72  608.00  300.00   64.00   40.00 4 New  Tab    59 32 1a2b0f47be0 - 255 128   0 255  96 0 0 Lucida Console
1  1  1  10   60    0    0    0  0  0  0  0   0 0   73  608.00  260.00   64.00   40.00 4 New  Tab    60 32 1a2b0f47e80 - 255 128   0 255  96 0 0 Lucida Console
1  2  1  10   60    0    0    0  0  0  0  0   0 0   74  320.00  120.00  640.00  240.00 1 New  Line    2 32 1a2b0f60b20   18  11 112 255  96 0 0 Lucida Console
1  2  2  10   60    0    0    0  0  0  0  0   0 0   75  320.00  120.00  640.00  240.00 2 New  Sect    2 32 1a2b0f60dc0   15 112 112 255  96 0 0 Lucida Console
1  2  2  11   60    0    0    0  0  0  0  0   0 0   76   32.00  120.00   64.00  240.00 3 New  Col    11 32 1a2b0f613f0   48  48  48 255  96 0 0 Lucida Console
1  2  2  11   61    0    0    0  0  0  0  0   0 0   77   32.00  220.00   64.00   40.00 4 New  Tab    61 32 1a2b0f61a20 - 255 128   0 255  96 0 0 Lucida Console
1  2  2  11   62    0    0    0  0  0  0  0   0 0   78   32.00  180.00   64.00   40.00 4 New  Tab    62 32 1a2b0f62530 - 255 128   0 255  96 0 0 Lucida Console
1  2  2  11   63    0    0    0  0  0  0  0   0 0   79   32.00  140.00   64.00   40.00 4 New  Tab    63 32 1a2b0f62cb0 - 255 128   0 255  96 0 0 Lucida Console
1  2  2  11   64    0    0    0  0  0  0  0   0 0   80   32.00  100.00   64.00   40.00 4 New  Tab    64 32 1a2b0f633a0 - 255 128   0 255  96 0 0 Lucida Console
1  2  2  11   65    0    0    0  0  0  0  0   0 0   81   32.00   60.00   64.00   40.00 4 New  Tab    65 32 1a2b0f63ac0 - 255 128   0 255  96 0 0 Lucida Console
1  2  2  11   66    0    0    0  0  0  0  0   0 0   82   32.00   20.00   64.00   40.00 4 New  Tab    66 32 1a2b0f63fa0 - 255 128   0 255  96 0 0 Lucida Console
1  2  2  12   66    0    0    0  0  0  0  0   0 0   83   96.00  120.00   64.00  240.00 3 New  Col    12 32 1a2b0f74a60   48  48  48 255  96 0 0 Lucida Console
1  2  2  12   67    0    0    0  0  0  0  0   0 0   84   96.00  220.00   64.00   40.00 4 New  Tab    67 32 1a2b0f74d00 - 255 128   0 255  96 0 0 Lucida Console
1  2  2  12   68    0    0    0  0  0  0  0   0 0   85   96.00  180.00   64.00   40.00 4 New  Tab    68 32 1a2b0f75810 - 255 128   0 255  96 0 0 Lucida Console
1  2  2  12   69    0    0    0  0  0  0  0   0 0   86   96.00  140.00   64.00   40.00 4 New  Tab    69 32 1a2b0f75f90 - 255 128   0 255  96 0 0 Lucida Console
1  2  2  12   70    0    0    0  0  0  0  0   0 0   87   96.00  100.00   64.00   40.00 4 New  Tab    70 32 1a2b0f76710 - 255 128   0 255  96 0 0 Lucida Console
1  2  2  12   71    0    0    0  0  0  0  0   0 0   88   96.00   60.00   64.00   40.00 4 New  Tab    71 32 1a2b0f76e90 - 255 128   0 255  96 0 0 Lucida Console
1  2  2  12   72    0    0    0  0  0  0  0   0 0   89   96.00   20.00   64.00   40.00 4 New  Tab    72 32 1a2b0f77610 - 255 128   0 255  96 0 0 Lucida Console
1  2  2  13   72    0    0    0  0  0  0  0   0 0   90  160.00  120.00   64.00  240.00 3 New  Col    13 32 1a2b0f77d90   48  48  48 255  96 0 0 Lucida Console
1  2  2  13   73    0    0    0  0  0  0  0   0 0   91  160.00  220.00   64.00   40.00 4 New  Tab    73 32 1a2b0f88070 - 255 128   0 255  96 0 0 Lucida Console
1  2  2  13   74    0    0    0  0  0  0  0   0 0   92  160.00  180.00   64.00   40.00 4 New  Tab    74 32 1a2b0f88b80 - 255 128   0 255  96 0 0 Lucida Console
1  2  2  13   75    0    0    0  0  0  0  0   0 0   93  160.00  140.00   64.00   40.00 4 New  Tab    75 32 1a2b0f89300 - 255 128   0 255  96 0 0 Lucida Console
1  2  2  13   76    0    0    0  0  0  0  0   0 0   94  160.00  100.00   64.00   40.00 4 New  Tab    76 32 1a2b0f89a80 - 255 128   0 255  96 0 0 Lucida Console
1  2  2  13   77    0    0    0  0  0  0  0   0 0   95  160.00   60.00   64.00   40.00 4 New  Tab    77 32 1a2b0f8a200 - 255 128   0 255  96 0 0 Lucida Console
1  2  2  13   78    0    0    0  0  0  0  0   0 0   96  160.00   20.00   64.00   40.00 4 New  Tab    78 32 1a2b0f8a980 - 255 128   0 255  96 0 0 Lucida Console
1  2  2  14   78    0    0    0  0  0  0  0   0 0   97  224.00  120.00   64.00  240.00 3 New  Col    14 32 1a2b0f8b100   48  48  48 255  96 0 0 Lucida Console
1  2  2  14   79    0    0    0  0  0  0  0   0 0   98  224.00  220.00   64.00   40.00 4 New  Tab    79 32 1a2b0f8b3a0 - 255 128   0 255  96 0 0 Lucida Console
1  2  2  14   80    0    0    0  0  0  0  0   0 0   99  224.00  180.00   64.00   40.00 4 New  Tab    80 32 1a2b0ef3b20 - 255 128   0 255  96 0 0 Lucida Console
1  2  2  14   81    0    0    0  0  0  0  0   0 0  100  224.00  140.00   64.00   40.00 4 New  Tab    81 32 1a2b0f77fd0 - 255 128   0 255  96 0 0 Lucida Console
1  2  2  14   82    0    0    0  0  0  0  0   0 0  101  224.00  100.00   64.00   40.00 4 New  Tab    82 32 1a2b0f8bbe0 - 255 128   0 255  96 0 0 Lucida Console
1  2  2  14   83    0    0    0  0  0  0  0   0 0  102  224.00   60.00   64.00   40.00 4 New  Tab    83 32 1a2b0f98c10 - 255 128   0 255  96 0 0 Lucida Console
1  2  2  14   84    0    0    0  0  0  0  0   0 0  103  224.00   20.00   64.00   40.00 4 New  Tab    84 32 1a2b0f99390 - 255 128   0 255  96 0 0 Lucida Console
1  2  2  15   84    0    0    0  0  0  0  0   0 0  104  288.00  120.00   64.00  240.00 3 New  Col    15 32 1a2b0f99b10   48  48  48 255  96 0 0 Lucida Console
1  2  2  15   85    0    0    0  0  0  0  0   0 0  105  288.00  220.00   64.00   40.00 4 New  Tab    85 32 1a2b0f99db0 - 255 128   0 255  96 0 0 Lucida Console
1  2  2  15   86    0    0    0  0  0  0  0   0 0  106  288.00  180.00   64.00   40.00 4 New  Tab    86 32 1a2b0f9a8c0 - 255 128   0 255  96 0 0 Lucida Console
1  2  2  15   87    0    0    0  0  0  0  0   0 0  107  288.00  140.00   64.00   40.00 4 New  Tab    87 32 1a2b0f9b040 - 255 128   0 255  96 0 0 Lucida Console
1  2  2  15   88    0    0    0  0  0  0  0   0 0  108  288.00  100.00   64.00   40.00 4 New  Tab    88 32 1a2b0f9b7f0 - 255 128   0 255  96 0 0 Lucida Console
1  2  2  15   89    0    0    0  0  0  0  0   0 0  109  288.00   60.00   64.00   40.00 4 New  Tab    89 32 1a2b0f9bf10 - 255 128   0 255  96 0 0 Lucida Console
1  2  2  15   90    0    0    0  0  0  0  0   0 0  110  288.00   20.00   64.00   40.00 4 New  Tab    90 32 1a2b0fac730 - 255 128   0 255  96 0 0 Lucida Console
1  2  2  16   90    0    0    0  0  0  0  0   0 0  111  352.00  120.00   64.00  240.00 3 New  Col    16 32 1a2b0faceb0   48  48  48 255  96 0 0 Lucida Console
1  2  2  16   91    0    0    0  0  0  0  0   0 0  112  352.00  220.00   64.00   40.00 4 New  Tab    91 32 1a2b0fad150 - 255 128   0 255  96 0 0 Lucida Console
1  2  2  16   92    0    0    0  0  0  0  0   0 0  113  352.00  180.00   64.00   40.00 4 New  Tab    92 32 1a2b0fadc60 - 255 128   0 255  96 0 0 Lucida Console
1  2  2  16   93    0    0    0  0  0  0  0   0 0  114  352.00  140.00   64.00   40.00 4 New  Tab    93 32 1a2b0fae3e0 - 255 128   0 255  96 0 0 Lucida Console
1  2  2  16   94    0    0    0  0  0  0  0   0 0  115  352.00  100.00   64.00   40.00 4 New  Tab    94 32 1a2b0faeb60 - 255 128   0 255  96 0 0 Lucida Console
1  2  2  16   95    0    0    0  0  0  0  0   0 0  116  352.00   60.00   64.00   40.00 4 New  Tab    95 32 1a2b0faf2e0 - 255 128   0 255  96 0 0 Lucida Console
1  2  2  16   96    0    0    0  0  0  0  0   0 0  117  352.00   20.00   64.00   40.00 4 New  Tab    96 32 1a2b0fafa60 - 255 128   0 255  96 0 0 Lucida Console
1  2  2  17   96    0    0    0  0  0  0  0   0 0  118  416.00  120.00   64.00  240.00 3 New  Col    17 32 1a2b0faffd0   48  48  48 255  96 0 0 Lucida Console
1  2  2  17   97    0    0    0  0  0  0  0   0 0  119  416.00  220.00   64.00   40.00 4 New  Tab    97 32 1a2b0fc84c0 - 255 128   0 255  96 0 0 Lucida Console
1  2  2  17   98    0    0    0  0  0  0  0   0 0  120  416.00  180.00   64.00   40.00 4 New  Tab    98 32 1a2b0fc8fd0 - 255 128   0 255  96 0 0 Lucida Console
1  2  2  17   99    0    0    0  0  0  0  0   0 0  121  416.00  140.00   64.00   40.00 4 New  Tab    99 32 1a2b0fc9750 - 255 128   0 255  96 0 0 Lucida Console
1  2  2  17  100    0    0    0  0  0  0  0   0 0  122  416.00  100.00   64.00   40.00 4 New  Tab   100 32 1a2b0fc9ed0 - 255 128   0 255  96 0 0 Lucida Console
1  2  2  17  101    0    0    0  0  0  0  0   0 0  123  416.00   60.00   64.00   40.00 4 New  Tab   101 32 1a2b0fca650 - 255 128   0 255  96 0 0 Lucida Console
1  2  2  17  102    0    0    0  0  0  0  0   0 0  124  416.00   20.00   64.00   40.00 4 New  Tab   102 32 1a2b0fcadd0 - 255 128   0 255  96 0 0 Lucida Console
1  2  2  18  102    0    0    0  0  0  0  0   0 0  125  480.00  120.00   64.00  240.00 3 New  Col    18 32 1a2b0fcb550   48  48  48 255  96 0 0 Lucida Console
1  2  2  18  103    0    0    0  0  0  0  0   0 0  126  480.00  220.00   64.00   40.00 4 New  Tab   103 32 1a2b0fcb7f0 - 255 128   0 255  96 0 0 Lucida Console
1  2  2  18  104    0    0    0  0  0  0  0   0 0  127  480.00  180.00   64.00   40.00 4 New  Tab   104 32 1a2b0fcbe20 - 255 128   0 255  96 0 0 Lucida Console
1  2  2  18  105    0    0    0  0  0  0  0   0 0  128  480.00  140.00   64.00   40.00 4 New  Tab   105 32 1a2b0fe0ac0 - 255 128   0 255  96 0 0 Lucida Console
1  2  2  18  106    0    0    0  0  0  0  0   0 0  129  480.00  100.00   64.00   40.00 4 New  Tab   106 32 1a2b0fe1240 - 255 128   0 255  96 0 0 Lucida Console
1  2  2  18  107    0    0    0  0  0  0  0   0 0  130  480.00   60.00   64.00   40.00 4 New  Tab   107 32 1a2b0fe19c0 - 255 128   0 255  96 0 0 Lucida Console
1  2  2  18  108    0    0    0  0  0  0  0   0 0  131  480.00   20.00   64.00   40.00 4 New  Tab   108 32 1a2b0fe2140 - 255 128   0 255  96 0 0 Lucida Console
1  2  2  19  108    0    0    0  0  0  0  0   0 0  132  544.00  120.00   64.00  240.00 3 New  Col    19 32 1a2b0fe28c0   48  48  48 255  96 0 0 Lucida Console
1  2  2  19  109    0    0    0  0  0  0  0   0 0  133  544.00  220.00   64.00   40.00 4 New  Tab   109 32 1a2b0fe2b60 - 255 128   0 255  96 0 0 Lucida Console
1  2  2  19  110    0    0    0  0  0  0  0   0 0  134  544.00  180.00   64.00   40.00 4 New  Tab   110 32 1a2b0fe3670 - 255 128   0 255  96 0 0 Lucida Console
1  2  2  19  111    0    0    0  0  0  0  0   0 0  135  544.00  140.00   64.00   40.00 4 New  Tab   111 32 1a2b0fe3df0 - 255 128   0 255  96 0 0 Lucida Console
1  2  2  19  112    0    0    0  0  0  0  0   0 0  136  544.00  100.00   64.00   40.00 4 New  Tab   112 32 1a2b0ff45b0 - 255 128   0 255  96 0 0 Lucida Console
1  2  2  19  113    0    0    0  0  0  0  0   0 0  137  544.00   60.00   64.00   40.00 4 New  Tab   113 32 1a2b0ff4d30 - 255 128   0 255  96 0 0 Lucida Console
1  2  2  19  114    0    0    0  0  0  0  0   0 0  138  544.00   20.00   64.00   40.00 4 New  Tab   114 32 1a2b0ff54b0 - 255 128   0 255  96 0 0 Lucida Console
1  2  2  20  114    0    0    0  0  0  0  0   0 0  139  608.00  120.00   64.00  240.00 3 New  Col    20 32 1a2b0ff5c30   48  48  48 255  96 0 0 Lucida Console
1  2  2  20  115    0    0    0  0  0  0  0   0 0  140  608.00  220.00   64.00   40.00 4 New  Tab   115 32 1a2b0ff5ed0 - 255 128   0 255  96 0 0 Lucida Console
1  2  2  20  116    0    0    0  0  0  0  0   0 0  141  608.00  180.00   64.00   40.00 4 New  Tab   116 32 1a2b0ff69e0 - 255 128   0 255  96 0 0 Lucida Console
1  2  2  20  117    0    0    0  0  0  0  0   0 0  142  608.00  140.00   64.00   40.00 4 New  Tab   117 32 1a2b0ff7160 - 255 128   0 255  96 0 0 Lucida Console
1  2  2  20  118    0    0    0  0  0  0  0   0 0  143  608.00  100.00   64.00   40.00 4 New  Tab   118 32 1a2b0ff78e0 - 255 128   0 255  96 0 0 Lucida Console
1  2  2  20  119    0    0    0  0  0  0  0   0 0  144  608.00   60.00   64.00   40.00 4 New  Tab   119 32 1a2b0ff7e50 - 255 128   0 255  96 0 0 Lucida Console
1  2  2  20  120    0    0    0  0  0  0  0   0 0  145  608.00   20.00   64.00   40.00 4 New  Tab   120 32 1a2b1004820 - 255 128   0 255  96 0 0 Lucida Console
2  2  2  20  120    0    0    0  0  0  0  0   0 0  146  320.00  240.00  640.00  480.00 0 New  Page    2 32 1a2b1004fa0   94  39 132 255  96 0 0 Lucida Console
2  3  2  20  120    0    0    0  0  0  0  0   0 0  147  320.00  360.00  640.00  240.00 1 New  Line    3  0 1a2b1005240   18  11 112 255  96 0 0 Lucida Console
2  3  3  20  120    0    0    0  0  0  0  0   0 0  148  320.00  360.00  640.00  240.00 2 New  Sect    3  0 1a2b1005870   15 112 112 255  96 0 0 Lucida Console
2  3  3  21  120    0    0    0  0  0  0  0   0 0  149   32.00  360.00   64.00  240.00 3 New  Col    21  0 1a2b0f75db0   48  48  48 255  96 0 0 Lucida Console
2  3  3  21  121    0    0    0  0  0  0  0   0 0  150   32.00  460.00   64.00   40.00 4 New  Tab   121  0 1a2b0fcabf0 - 255 128   0 255  96 0 0 Lucida Console
2  3  3  21  122    0    0    0  0  0  0  0   0 0  151   32.00  420.00   64.00   40.00 4 New  Tab   122  0 1a2b10067a0 - 255 128   0 255  96 0 0 Lucida Console
2  3  3  21  123    0    0    0  0  0  0  0   0 0  152   32.00  380.00   64.00   40.00 4 New  Tab   123  0 1a2b10071f0 - 255 128   0 255  96 0 0 Lucida Console
2  3  3  21  124    0    0    0  0  0  0  0   0 0  153   32.00  340.00   64.00   40.00 4 New  Tab   124  0 1a2b10078b0 - 255 128   0 255  96 0 0 Lucida Console
2  3  3  21  125    0    0    0  0  0  0  0   0 0  154   32.00  300.00   64.00   40.00 4 New  Tab   125  0 1a2b1007d60 - 255 128   0 255  96 0 0 Lucida Console
2  3  3  21  126    0    0    0  0  0  0  0   0 0  155   32.00  260.00   64.00   40.00 4 New  Tab   126  0 1a2b10207f0 - 255 128   0 255  96 0 0 Lucida Console
2  3  3  22  126    0    0    0  0  0  0  0   0 0  156   96.00  360.00   64.00  240.00 3 New  Col    22  0 1a2b1020fd0   48  48  48 255  96 0 0 Lucida Console
2  3  3  22  127    0    0    0  0  0  0  0   0 0  157   96.00  460.00   64.00   40.00 4 New  Tab   127  0 1a2b1021270 - 255 128   0 255  96 0 0 Lucida Console
2  3  3  22  128    0    0    0  0  0  0  0   0 0  158   96.00  420.00   64.00   40.00 4 New  Tab   128  0 1a2b1021d80 - 255 128   0 255  96 0 0 Lucida Console
2  3  3  22  129    0    0    0  0  0  0  0   0 0  159   96.00  380.00   64.00   40.00 4 New  Tab   129  0 1a2b1022530 - 255 128   0 255  96 0 0 Lucida Console
2  3  3  22  130    0    0    0  0  0  0  0   0 0  160   96.00  340.00   64.00   40.00 4 New  Tab   130  0 1a2b1022cb0 - 255 128   0 255  96 0 0 Lucida Console
2  3  3  22  131    0    0    0  0  0  0  0   0 0  161   96.00  300.00   64.00   40.00 4 New  Tab   131  0 1a2b1023490 - 255 128   0 255  96 0 0 Lucida Console
2  3  3  22  132    0    0    0  0  0  0  0   0 0  162   96.00  260.00   64.00   40.00 4 New  Tab   132  0 1a2b1023c10 - 255 128   0 255  96 0 0 Lucida Console
2  3  3  23  132    0    0    0  0  0  0  0   0 0  163  160.00  360.00   64.00  240.00 3 New  Col    23  0 1a2b1023eb0   48  48  48 255  96 0 0 Lucida Console
2  3  3  23  133    0    0    0  0  0  0  0   0 0  164  160.00  460.00   64.00   40.00 4 New  Tab   133  0 1a2b1034670 - 255 128   0 255  96 0 0 Lucida Console
2  3  3  23  134    0    0    0  0  0  0  0   0 0  165  160.00  420.00   64.00   40.00 4 New  Tab   134  0 1a2b1035180 - 255 128   0 255  96 0 0 Lucida Console
2  3  3  23  135    0    0    0  0  0  0  0   0 0  166  160.00  380.00   64.00   40.00 4 New  Tab   135  0 1a2b1035900 - 255 128   0 255  96 0 0 Lucida Console
2  3  3  23  136    0    0    0  0  0  0  0   0 0  167  160.00  340.00   64.00   40.00 4 New  Tab   136  0 1a2b1036080 - 255 128   0 255  96 0 0 Lucida Console
2  3  3  23  137    0    0    0  0  0  0  0   0 0  168  160.00  300.00   64.00   40.00 4 New  Tab   137  0 1a2b10367d0 - 255 128   0 255  96 0 0 Lucida Console
2  3  3  23  138    0    0    0  0  0  0  0   0 0  169  160.00  260.00   64.00   40.00 4 New  Tab   138  0 1a2b1036f50 - 255 128   0 255  96 0 0 Lucida Console
2  3  3  24  138    0    0    0  0  0  0  0   0 0  170  224.00  360.00   64.00  240.00 3 New  Col    24  0 1a2b1037700   48  48  48 255  96 0 0 Lucida Console
2  3  3  24  139    0    0    0  0  0  0  0   0 0  171  224.00  460.00   64.00   40.00 4 New  Tab   139  0 1a2b10379a0 - 255 128   0 255  96 0 0 Lucida Console
2  3  3  24  140    0    0    0  0  0  0  0   0 0  172  224.00  420.00   64.00   40.00 4 New  Tab   140  0 1a2b1037fd0 - 255 128   0 255  96 0 0 Lucida Console
2  3  3  24  141    0    0    0  0  0  0  0   0 0  173  224.00  380.00   64.00   40.00 4 New  Tab   141  0 1a2b1048c70 - 255 128   0 255  96 0 0 Lucida Console
2  3  3  24  142    0    0    0  0  0  0  0   0 0  174  224.00  340.00   64.00   40.00 4 New  Tab   142  0 1a2b10493f0 - 255 128   0 255  96 0 0 Lucida Console
2  3  3  24  143    0    0    0  0  0  0  0   0 0  175  224.00  300.00   64.00   40.00 4 New  Tab   143  0 1a2b1049b70 - 255 128   0 255  96 0 0 Lucida Console
2  3  3  24  144    0    0    0  0  0  0  0   0 0  176  224.00  260.00   64.00   40.00 4 New  Tab   144  0 1a2b104a2f0 - 255 128   0 255  96 0 0 Lucida Console
2  3  3  25  144    0    0    0  0  0  0  0   0 0  177  288.00  360.00   64.00  240.00 3 New  Col    25  0 1a2b104aa70   48  48  48 255  96 0 0 Lucida Console
2  3  3  25  145    0    0    0  0  0  0  0   0 0  178  288.00  460.00   64.00   40.00 4 New  Tab   145  0 1a2b104ad10 - 255 128   0 255  96 0 0 Lucida Console
2  3  3  25  146    0    0    0  0  0  0  0   0 0  179  288.00  420.00   64.00   40.00 4 New  Tab   146  0 1a2b104b820 - 255 128   0 255  96 0 0 Lucida Console
2  3  3  25  147    0    0    0  0  0  0  0   0 0  180  288.00  380.00   64.00   40.00 4 New  Tab   147  0 1a2b104beb0 - 255 128   0 255  96 0 0 Lucida Console
2  3  3  25  148    0    0    0  0  0  0  0   0 0  181  288.00  340.00   64.00   40.00 4 New  Tab   148  0 1a2b1064760 - 255 128   0 255  96 0 0 Lucida Console
2  3  3  25  149    0    0    0  0  0  0  0   0 0  182  288.00  300.00   64.00   40.00 4 New  Tab   149  0 1a2b1064ee0 - 255 128   0 255  96 0 0 Lucida Console
2  3  3  25  150    0    0    0  0  0  0  0   0 0  183  288.00  260.00   64.00   40.00 4 New  Tab   150  0 1a2b1065660 - 255 128   0 255  96 0 0 Lucida Console
2  3  3  26  150    0    0    0  0  0  0  0   0 0  184  352.00  360.00   64.00  240.00 3 New  Col    26  0 1a2b1065de0   48  48  48 255  96 0 0 Lucida Console
2  3  3  26  151    0    0    0  0  0  0  0   0 0  185  352.00  460.00   64.00   40.00 4 New  Tab   151  0 1a2b1066080 - 255 128   0 255  96 0 0 Lucida Console
2  3  3  26  152    0    0    0  0  0  0  0   0 0  186  352.00  420.00   64.00   40.00 4 New  Tab   152  0 1a2b1066b90 - 255 128   0 255  96 0 0 Lucida Console
2  3  3  26  153    0    0    0  0  0  0  0   0 0  187  352.00  380.00   64.00   40.00 4 New  Tab   153  0 1a2b1067310 - 255 128   0 255  96 0 0 Lucida Console
2  3  3  26  154    0    0    0  0  0  0  0   0 0  188  352.00  340.00   64.00   40.00 4 New  Tab   154  0 1a2b1067a90 - 255 128   0 255  96 0 0 Lucida Console
2  3  3  26  155    0    0    0  0  0  0  0   0 0  189  352.00  300.00   64.00   40.00 4 New  Tab   155  0 1a2b1067fd0 - 255 128   0 255  96 0 0 Lucida Console
2  3  3  26  156    0    0    0  0  0  0  0   0 0  190  352.00  260.00   64.00   40.00 4 New  Tab   156  0 1a2b10789d0 - 255 128   0 255  96 0 0 Lucida Console
2  3  3  27  156    0    0    0  0  0  0  0   0 0  191  416.00  360.00   64.00  240.00 3 New  Col    27  0 1a2b1079150   48  48  48 255  96 0 0 Lucida Console
2  3  3  27  157    0    0    0  0  0  0  0   0 0  192  416.00  460.00   64.00   40.00 4 New  Tab   157  0 1a2b10793f0 - 255 128   0 255  96 0 0 Lucida Console
2  3  3  27  158    0    0    0  0  0  0  0   0 0  193  416.00  420.00   64.00   40.00 4 New  Tab   158  0 1a2b1079f00 - 255 128   0 255  96 0 0 Lucida Console
2  3  3  27  159    0    0    0  0  0  0  0   0 0  194  416.00  380.00   64.00   40.00 4 New  Tab   159  0 1a2b107a680 - 255 128   0 255  96 0 0 Lucida Console
2  3  3  27  160    0    0    0  0  0  0  0   0 0  195  416.00  340.00   64.00   40.00 4 New  Tab   160  0 1a2b107ae00 - 255 128   0 255  96 0 0 Lucida Console
2  3  3  27  161    0    0    0  0  0  0  0   0 0  196  416.00  300.00   64.00   40.00 4 New  Tab   161  0 1a2b107b580 - 255 128   0 255  96 0 0 Lucida Console
2  3  3  27  162    0    0    0  0  0  0  0   0 0  197  416.00  260.00   64.00   40.00 4 New  Tab   162  0 1a2b107bd00 - 255 128   0 255  96 0 0 Lucida Console
2  3  3  28  162    0    0    0  0  0  0  0   0 0  198  480.00  360.00   64.00  240.00 3 New  Col    28  0 1a2b107bfa0   48  48  48 255  96 0 0 Lucida Console
2  3  3  28  163    0    0    0  0  0  0  0   0 0  199  480.00  460.00   64.00   40.00 4 New  Tab   163  0 1a2b0fc9cf0 - 255 128   0 255  96 0 0 Lucida Console
2  3  3  28  164    0    0    0  0  0  0  0   0 0  200  480.00  420.00   64.00   40.00 4 New  Tab   164  0 1a2b1049210 - 255 128   0 255  96 0 0 Lucida Console
2  3  3  28  165    0    0    0  0  0  0  0   0 0  201  480.00  380.00   64.00   40.00 4 New  Tab   165  0 1a2b1091090 - 255 128   0 255  96 0 0 Lucida Console
2  3  3  28  166    0    0    0  0  0  0  0   0 0  202  480.00  340.00   64.00   40.00 4 New  Tab   166  0 1a2b1091810 - 255 128   0 255  96 0 0 Lucida Console
2  3  3  28  167    0    0    0  0  0  0  0   0 0  203  480.00  300.00   64.00   40.00 4 New  Tab   167  0 1a2b1091f90 - 255 128   0 255  96 0 0 Lucida Console
2  3  3  28  168    0    0    0  0  0  0  0   0 0  204  480.00  260.00   64.00   40.00 4 New  Tab   168  0 1a2b1092710 - 255 128   0 255  96 0 0 Lucida Console
2  3  3  29  168    0    0    0  0  0  0  0   0 0  205  544.00  360.00   64.00  240.00 3 New  Col    29  0 1a2b1092e90   48  48  48 255  96 0 0 Lucida Console
2  3  3  29  169    0    0    0  0  0  0  0   0 0  206  544.00  460.00   64.00   40.00 4 New  Tab   169  0 1a2b1093130 - 255 128   0 255  96 0 0 Lucida Console
2  3  3  29  170    0    0    0  0  0  0  0   0 0  207  544.00  420.00   64.00   40.00 4 New  Tab   170  0 1a2b1093c40 - 255 128   0 255  96 0 0 Lucida Console
2  3  3  29  171    0    0    0  0  0  0  0   0 0  208  544.00  380.00   64.00   40.00 4 New  Tab   171  0 1a2b1093ee0 - 255 128   0 255  96 0 0 Lucida Console
2  3  3  29  172    0    0    0  0  0  0  0   0 0  209  544.00  340.00   64.00   40.00 4 New  Tab   172  0 1a2b10a4b80 - 255 128   0 255  96 0 0 Lucida Console
2  3  3  29  173    0    0    0  0  0  0  0   0 0  210  544.00  300.00   64.00   40.00 4 New  Tab   173  0 1a2b10a5330 - 255 128   0 255  96 0 0 Lucida Console
2  3  3  29  174    0    0    0  0  0  0  0   0 0  211  544.00  260.00   64.00   40.00 4 New  Tab   174  0 1a2b10a5ab0 - 255 128   0 255  96 0 0 Lucida Console
2  3  3  30  174    0    0    0  0  0  0  0   0 0  212  608.00  360.00   64.00  240.00 3 New  Col    30  0 1a2b10a6230   48  48  48 255  96 0 0 Lucida Console
2  3  3  30  175    0    0    0  0  0  0  0   0 0  213  608.00  460.00   64.00   40.00 4 New  Tab   175  0 1a2b10a64d0 - 255 128   0 255  96 0 0 Lucida Console
2  3  3  30  176    0    0    0  0  0  0  0   0 0  214  608.00  420.00   64.00   40.00 4 New  Tab   176  0 1a2b10a6fe0 - 255 128   0 255  96 0 0 Lucida Console
2  3  3  30  177    0    0    0  0  0  0  0   0 0  215  608.00  380.00   64.00   40.00 4 New  Tab   177  0 1a2b10a7760 - 255 128   0 255  96 0 0 Lucida Console
2  3  3  30  178    0    0    0  0  0  0  0   0 0  216  608.00  340.00   64.00   40.00 4 New  Tab   178  0 1a2b10a7ee0 - 255 128   0 255  96 0 0 Lucida Console
2  3  3  30  179    0    0    0  0  0  0  0   0 0  217  608.00  300.00   64.00   40.00 4 New  Tab   179  0 1a2b10b46a0 - 255 128   0 255  96 0 0 Lucida Console
2  3  3  30  180    0    0    0  0  0  0  0   0 0  218  608.00  260.00   64.00   40.00 4 New  Tab   180  0 1a2b10b4e20 - 255 128   0 255  96 0 0 Lucida Console
2  4  3  30  180    0    0    0  0  0  0  0   0 0  219  320.00  120.00  640.00  240.00 1 New  Line    4  0 1a2b10b55a0   18  11 112 255  96 0 0 Lucida Console
2  4  4  30  180    0    0    0  0  0  0  0   0 0  220  320.00  120.00  640.00  240.00 2 New  Sect    4  0 1a2b10b5840   15 112 112 255  96 0 0 Lucida Console
2  4  4  31  180    0    0    0  0  0  0  0   0 0  221   32.00  120.00   64.00  240.00 3 New  Col    31  0 1a2b10b5e70   48  48  48 255  96 0 0 Lucida Console
2  4  4  31  181    0    0    0  0  0  0  0   0 0  222   32.00  220.00   64.00   40.00 4 New  Tab   181  0 1a2b10b64a0 - 255 128   0 255  96 0 0 Lucida Console
2  4  4  31  182    0    0    0  0  0  0  0   0 0  223   32.00  180.00   64.00   40.00 4 New  Tab   182  0 1a2b10b6fb0 - 255 128   0 255  96 0 0 Lucida Console
2  4  4  31  183    0    0    0  0  0  0  0   0 0  224   32.00  140.00   64.00   40.00 4 New  Tab   183  0 1a2b10b7730 - 255 128   0 255  96 0 0 Lucida Console
2  4  4  31  184    0    0    0  0  0  0  0   0 0  225   32.00  100.00   64.00   40.00 4 New  Tab   184  0 1a2b10b7eb0 - 255 128   0 255  96 0 0 Lucida Console
2  4  4  31  185    0    0    0  0  0  0  0   0 0  226   32.00   60.00   64.00   40.00 4 New  Tab   185  0 1a2b10c8670 - 255 128   0 255  96 0 0 Lucida Console
2  4  4  31  186    0    0    0  0  0  0  0   0 0  227   32.00   20.00   64.00   40.00 4 New  Tab   186  0 1a2b10c8df0 - 255 128   0 255  96 0 0 Lucida Console
2  4  4  32  186    0    0    0  0  0  0  0   0 0  228   96.00  120.00   64.00  240.00 3 New  Col    32  0 1a2b10c9570   48  48  48 255  96 0 0 Lucida Console
2  4  4  32  187    0    0    0  0  0  0  0   0 0  229   96.00  220.00   64.00   40.00 4 New  Tab   187  0 1a2b10c9810 - 255 128   0 255  96 0 0 Lucida Console
2  4  4  32  188    0    0    0  0  0  0  0   0 0  230   96.00  180.00   64.00   40.00 4 New  Tab   188  0 1a2b10ca320 - 255 128   0 255  96 0 0 Lucida Console
2  4  4  32  189    0    0    0  0  0  0  0   0 0  231   96.00  140.00   64.00   40.00 4 New  Tab   189  0 1a2b10caaa0 - 255 128   0 255  96 0 0 Lucida Console
2  4  4  32  190    0    0    0  0  0  0  0   0 0  232   96.00  100.00   64.00   40.00 4 New  Tab   190  0 1a2b10cb220 - 255 128   0 255  96 0 0 Lucida Console
2  4  4  32  191    0    0    0  0  0  0  0   0 0  233   96.00   60.00   64.00   40.00 4 New  Tab   191  0 1a2b10cb9a0 - 255 128   0 255  96 0 0 Lucida Console
2  4  4  32  192    0    0    0  0  0  0  0   0 0  234   96.00   20.00   64.00   40.00 4 New  Tab   192  0 1a2b10cbf40 - 255 128   0 255  96 0 0 Lucida Console
2  4  4  33  192    0    0    0  0  0  0  0   0 0  235  160.00  120.00   64.00  240.00 3 New  Col    33  0 1a2ae3388e0   48  48  48 255  96 0 0 Lucida Console
2  4  4  33  193    0    0    0  0  0  0  0   0 0  236  160.00  220.00   64.00   40.00 4 New  Tab   193  0 1a2ae338b80 - 255 128   0 255  96 0 0 Lucida Console
2  4  4  33  194    0    0    0  0  0  0  0   0 0  237  160.00  180.00   64.00   40.00 4 New  Tab   194  0 1a2ae339690 - 255 128   0 255  96 0 0 Lucida Console
2  4  4  33  195    0    0    0  0  0  0  0   0 0  238  160.00  140.00   64.00   40.00 4 New  Tab   195  0 1a2ae339e10 - 255 128   0 255  96 0 0 Lucida Console
2  4  4  33  196    0    0    0  0  0  0  0   0 0  239  160.00  100.00   64.00   40.00 4 New  Tab   196  0 1a2ae33a590 - 255 128   0 255  96 0 0 Lucida Console
2  4  4  33  197    0    0    0  0  0  0  0   0 0  240  160.00   60.00   64.00   40.00 4 New  Tab   197  0 1a2ae33ad10 - 255 128   0 255  96 0 0 Lucida Console
2  4  4  33  198    0    0    0  0  0  0  0   0 0  241  160.00   20.00   64.00   40.00 4 New  Tab   198  0 1a2ae33b490 - 255 128   0 255  96 0 0 Lucida Console
2  4  4  34  198    0    0    0  0  0  0  0   0 0  242  224.00  120.00   64.00  240.00 3 New  Col    34  0 1a2ae33bc10   48  48  48 255  96 0 0 Lucida Console
2  4  4  34  199    0    0    0  0  0  0  0   0 0  243  224.00  220.00   64.00   40.00 4 New  Tab   199  0 1a2ae33beb0 - 255 128   0 255  96 0 0 Lucida Console
2  4  4  34  200    0    0    0  0  0  0  0   0 0  244  224.00  180.00   64.00   40.00 4 New  Tab   200  0 1a2ae34ca00 - 255 128   0 255  96 0 0 Lucida Console
2  4  4  34  201    0    0    0  0  0  0  0   0 0  245  224.00  140.00   64.00   40.00 4 New  Tab   201  0 1a2ae34d180 - 255 128   0 255  96 0 0 Lucida Console
2  4  4  34  202    0    0    0  0  0  0  0   0 0  246  224.00  100.00   64.00   40.00 4 New  Tab   202  0 1a2ae34d900 - 255 128   0 255  96 0 0 Lucida Console
2  4  4  34  203    0    0    0  0  0  0  0   0 0  247  224.00   60.00   64.00   40.00 4 New  Tab   203  0 1a2ae34e080 - 255 128   0 255  96 0 0 Lucida Console
2  4  4  34  204    0    0    0  0  0  0  0   0 0  248  224.00   20.00   64.00   40.00 4 New  Tab   204  0 1a2ae34e800 - 255 128   0 255  96 0 0 Lucida Console
2  4  4  35  204    0    0    0  0  0  0  0   0 0  249  288.00  120.00   64.00  240.00 3 New  Col    35  0 1a2b1037f70   48  48  48 255  96 0 0 Lucida Console
2  4  4  35  205    0    0    0  0  0  0  0   0 0  250  288.00  220.00   64.00   40.00 4 New  Tab   205  0 1a2b10b7cd0 - 255 128   0 255  96 0 0 Lucida Console
2  4  4  35  206    0    0    0  0  0  0  0   0 0  251  288.00  180.00   64.00   40.00 4 New  Tab   206  0 1a2ae34f3d0 - 255 128   0 255  96 0 0 Lucida Console
2  4  4  35  207    0    0    0  0  0  0  0   0 0  252  288.00  140.00   64.00   40.00 4 New  Tab   207  0 1a2ae34fb50 - 255 128   0 255  96 0 0 Lucida Console
2  4  4  35  208    0    0    0  0  0  0  0   0 0  253  288.00  100.00   64.00   40.00 4 New  Tab   208  0 1a2ae34ffd0 - 255 128   0 255  96 0 0 Lucida Console
2  4  4  35  209    0    0    0  0  0  0  0   0 0  254  288.00   60.00   64.00   40.00 4 New  Tab   209  0 1a2ae360a90 - 255 128   0 255  96 0 0 Lucida Console
2  4  4  35  210    0    0    0  0  0  0  0   0 0  255  288.00   20.00   64.00   40.00 4 New  Tab   210  0 1a2ae361210 - 255 128   0 255  96 0 0 Lucida Console
2  4  4  36  210    0    0    0  0  0  0  0   0 0  256  352.00  120.00   64.00  240.00 3 New  Col    36  0 1a2ae361960   48  48  48 255  96 0 0 Lucida Console
2  4  4  36  211    0    0    0  0  0  0  0   0 0  257  352.00  220.00   64.00   40.00 4 New  Tab   211  0 1a2ae361c00 - 255 128   0 255  96 0 0 Lucida Console
2  4  4  36  212    0    0    0  0  0  0  0   0 0  258  352.00  180.00   64.00   40.00 4 New  Tab   212  0 1a2ae362710 - 255 128   0 255  96 0 0 Lucida Console
2  4  4  36  213    0    0    0  0  0  0  0   0 0  259  352.00  140.00   64.00   40.00 4 New  Tab   213  0 1a2ae362e90 - 255 128   0 255  96 0 0 Lucida Console
2  4  4  36  214    0    0    0  0  0  0  0   0 0  260  352.00  100.00   64.00   40.00 4 New  Tab   214  0 1a2ae363610 - 255 128   0 255  96 0 0 Lucida Console
2  4  4  36  215    0    0    0  0  0  0  0   0 0  261  352.00   60.00   64.00   40.00 4 New  Tab   215  0 1a2ae363d90 - 255 128   0 255  96 0 0 Lucida Console
2  4  4  36  216    0    0    0  0  0  0  0   0 0  262  352.00   20.00   64.00   40.00 4 New  Tab   216  0 1a2ae374580 - 255 128   0 255  96 0 0 Lucida Console
2  4  4  37  216    0    0    0  0  0  0  0   0 0  263  416.00  120.00   64.00  240.00 3 New  Col    37  0 1a2ae374cd0   48  48  48 255  96 0 0 Lucida Console
2  4  4  37  217    0    0    0  0  0  0  0   0 0  264  416.00  220.00   64.00   40.00 4 New  Tab   217  0 1a2ae374f70 - 255 128   0 255  96 0 0 Lucida Console
2  4  4  37  218    0    0    0  0  0  0  0   0 0  265  416.00  180.00   64.00   40.00 4 New  Tab   218  0 1a2ae375a80 - 255 128   0 255  96 0 0 Lucida Console
2  4  4  37  219    0    0    0  0  0  0  0   0 0  266  416.00  140.00   64.00   40.00 4 New  Tab   219  0 1a2ae376200 - 255 128   0 255  96 0 0 Lucida Console
2  4  4  37  220    0    0    0  0  0  0  0   0 0  267  416.00  100.00   64.00   40.00 4 New  Tab   220  0 1a2ae376980 - 255 128   0 255  96 0 0 Lucida Console
2  4  4  37  221    0    0    0  0  0  0  0   0 0  268  416.00   60.00   64.00   40.00 4 New  Tab   221  0 1a2ae377100 - 255 128   0 255  96 0 0 Lucida Console
2  4  4  37  222    0    0    0  0  0  0  0   0 0  269  416.00   20.00   64.00   40.00 4 New  Tab   222  0 1a2ae377880 - 255 128   0 255  96 0 0 Lucida Console
2  4  4  38  222    0    0    0  0  0  0  0   0 0  270  480.00  120.00   64.00  240.00 3 New  Col    38  0 1a2ae377ee0   48  48  48 255  96 0 0 Lucida Console
2  4  4  38  223    0    0    0  0  0  0  0   0 0  271  480.00  220.00   64.00   40.00 4 New  Tab   223  0 1a2ae3882e0 - 255 128   0 255  96 0 0 Lucida Console
2  4  4  38  224    0    0    0  0  0  0  0   0 0  272  480.00  180.00   64.00   40.00 4 New  Tab   224  0 1a2ae388df0 - 255 128   0 255  96 0 0 Lucida Console
2  4  4  38  225    0    0    0  0  0  0  0   0 0  273  480.00  140.00   64.00   40.00 4 New  Tab   225  0 1a2ae389570 - 255 128   0 255  96 0 0 Lucida Console
2  4  4  38  226    0    0    0  0  0  0  0   0 0  274  480.00  100.00   64.00   40.00 4 New  Tab   226  0 1a2ae389cf0 - 255 128   0 255  96 0 0 Lucida Console
2  4  4  38  227    0    0    0  0  0  0  0   0 0  275  480.00   60.00   64.00   40.00 4 New  Tab   227  0 1a2ae38a470 - 255 128   0 255  96 0 0 Lucida Console
2  4  4  38  228    0    0    0  0  0  0  0   0 0  276  480.00   20.00   64.00   40.00 4 New  Tab   228  0 1a2ae38abf0 - 255 128   0 255  96 0 0 Lucida Console
2  4  4  39  228    0    0    0  0  0  0  0   0 0  277  544.00  120.00   64.00  240.00 3 New  Col    39  0 1a2ae38b370   48  48  48 255  96 0 0 Lucida Console
2  4  4  39  229    0    0    0  0  0  0  0   0 0  278  544.00  220.00   64.00   40.00 4 New  Tab   229  0 1a2ae38b610 - 255 128   0 255  96 0 0 Lucida Console
2  4  4  39  230    0    0    0  0  0  0  0   0 0  279  544.00  180.00   64.00   40.00 4 New  Tab   230  0 1a2ae38bf40 - 255 128   0 255  96 0 0 Lucida Console
2  4  4  39  231    0    0    0  0  0  0  0   0 0  280  544.00  140.00   64.00   40.00 4 New  Tab   231  0 1a2ae3a08e0 - 255 128   0 255  96 0 0 Lucida Console
2  4  4  39  232    0    0    0  0  0  0  0   0 0  281  544.00  100.00   64.00   40.00 4 New  Tab   232  0 1a2ae3a1060 - 255 128   0 255  96 0 0 Lucida Console
2  4  4  39  233    0    0    0  0  0  0  0   0 0  282  544.00   60.00   64.00   40.00 4 New  Tab   233  0 1a2ae3a17e0 - 255 128   0 255  96 0 0 Lucida Console
2  4  4  39  234    0    0    0  0  0  0  0   0 0  283  544.00   20.00   64.00   40.00 4 New  Tab   234  0 1a2ae3a1f60 - 255 128   0 255  96 0 0 Lucida Console
2  4  4  40  234    0    0    0  0  0  0  0   0 0  284  608.00  120.00   64.00  240.00 3 New  Col    40  0 1a2ae3a26e0   48  48  48 255  96 0 0 Lucida Console
2  4  4  40  235    0    0    0  0  0  0  0   0 0  285  608.00  220.00   64.00   40.00 4 New  Tab   235  0 1a2ae3a2980 - 255 128   0 255  96 0 0 Lucida Console
2  4  4  40  236    0    0    0  0  0  0  0   0 0  286  608.00  180.00   64.00   40.00 4 New  Tab   236  0 1a2ae3a3490 - 255 128   0 255  96 0 0 Lucida Console
2  4  4  40  237    0    0    0  0  0  0  0   0 0  287  608.00  140.00   64.00   40.00 4 New  Tab   237  0 1a2ae3a3c10 - 255 128   0 255  96 0 0 Lucida Console
2  4  4  40  238    0    0    0  0  0  0  0   0 0  288  608.00  100.00   64.00   40.00 4 New  Tab   238  0 1a2ae3a3eb0 - 255 128   0 255  96 0 0 Lucida Console
2  4  4  40  239    0    0    0  0  0  0  0   0 0  289  608.00   60.00   64.00   40.00 4 New  Tab   239  0 1a2ae3bcb50 - 255 128   0 255  96 0 0 Lucida Console
2  4  4  40  240    0    0    0  0  0  0  0   0 0  290  608.00   20.00   64.00   40.00 4 New  Tab   240  0 1a2ae3bd2d0 - 255 128   0 255  96 0 0 Lucida Console
P  L  S   C    T    N    I    K No Nm Cp LR  LC Z  Tid     X       Y       W       H   G why  Name  Cnt Sz  Identity   Txt Red Grn Blu Opc Dpi B I  Font Name
10   877 tabs.py          createTniks   J1 1 1 0 9 5 0 0 0 0 0 0 0 0 0 290 
10   877 tabs.py          createTniks   J2 2 4 4 40 240 0 0 0 0 0 0 0 0 0 290 
10   877 tabs.py          createTniks   LE 2 4 4 40 240 0 0 0 0 0 0 0 0 0 290 
10   877 tabs.py          createTniks END (2x2x10x6) (1x1x1x6) [0]       0 []    J2=[2 4 4 40 240 0 0 0 0 0 0 0 0 0 290] 
11  1089 tabs.py            dumpCxywh x=  0.00 y=240.00 w= 64.00 h= 40.00 cc=5
2  4  4  40  240    0    0    0  0  0  0  0   0 1  291    0.00  240.00   64.00   40.00 5 New  Curs    1 Vz 1a2ae3bda80     255 255  10 168 1.000 1.000
11  1089 tabs.py            dumpCxywh x=  0.00 y=240.00 w= 64.00 h= 40.00 cc=5
11  1088 tabs.py            dumpCursr NEW (2x2x10x6) (1x1x1x6) [0]       0 []    J2=[2 4 4 40 240 0 0 0 0 0 0 0 0 1 291] Curs
 5   186 tabs.py              _reinit END
 4   146 tabs.py             __init__ END <class '__main__.Tabs'>
###   Init   ######   Init   ######   Init   ######   Init   ######   Init   ######   Init   ######   Init   ######   Init   ######   Init   ######   Init   ######   Init   ######   Init   ######   Init   ###
12   938 tabs.py          resizeTniks BGN (2x2x10x6) (1x1x1x6) [0]       0 []    J2=[2 4 4 40 240 0 0 0 0 0 0 0 0 1 291] Upd
13   938 tabs.py          resizeTniks   J1 0 0 0 0 0 0 0 0 0 0 0 0 0 0 0 Upd
13   938 tabs.py          resizeTniks   J2 0 0 0 0 0 0 0 0 0 0 0 0 0 0 0 Upd
13   938 tabs.py          resizeTniks   LE 2 4 4 40 240 0 0 0 0 0 0 0 0 1 291 Upd
P  L  S   C    T    N    I    K No Nm Cp LR  LC Z  Tid     X       Y       W       H   G why  Name  Cnt Sz  Identity   Txt Red Grn Blu Opc Dpi B I  Font Name
1  0  0   0    0    0    0    0  0  0  0  0   0 0    1  320.00  240.00  640.00  480.00 0 Upd  Page    1  0 1a2adbba290   94  39 132 255  96 0 0 Lucida Console
1  1  0   0    0    0    0    0  0  0  0  0   0 0    2  320.00  360.00  640.00  240.00 1 Upd  Line    1 42 1a2adbbab60   18  11 112 255  96 0 0 Lucida Console
1  1  1   0    0    0    0    0  0  0  0  0   0 0    3  320.00  360.00  640.00  240.00 2 Upd  Sect    1 42 1a2adbbb250   15 112 112 255  96 0 0 Lucida Console
1  1  1   1    0    0    0    0  0  0  0  0   0 0    4   32.00  360.00   64.00  240.00 3 Upd  Col     1 42 1a2add00340   48  48  48 255  96 0 0 Lucida Console
1  1  1   1    1    0    0    0  0  0  0  0   0 0    5   32.00  460.00   64.00   40.00 4 Upd  Tab     1 32 1a2add00910 - 255 128   0 255  96 0 0 Lucida Console
1  1  1   1    2    0    0    0  0  0  0  0   0 0    6   32.00  420.00   64.00   40.00 4 Upd  Tab     2 32 1a2add018d0 - 255 128   0 255  96 0 0 Lucida Console
1  1  1   1    3    0    0    0  0  0  0  0   0 0    7   32.00  380.00   64.00   40.00 4 Upd  Tab     3 32 1a2add02800 - 255 128   0 255  96 0 0 Lucida Console
1  1  1   1    4    0    0    0  0  0  0  0   0 0    8   32.00  340.00   64.00   40.00 4 Upd  Tab     4 32 1a2add02e90 - 255 128   0 255  96 0 0 Lucida Console
1  1  1   1    5    0    0    0  0  0  0  0   0 0    9   32.00  300.00   64.00   40.00 4 Upd  Tab     5 32 1a2add035e0 - 255 128   0 255  96 0 0 Lucida Console
1  1  1   1    6    0    0    0  0  0  0  0   0 0   10   32.00  260.00   64.00   40.00 4 Upd  Tab     6 32 1a2add03d60 - 255 128   0 255  96 0 0 Lucida Console
1  1  1   2    6    0    0    0  0  0  0  0   0 0   11   96.00  360.00   64.00  240.00 3 Upd  Col     2 42 1a2add20580   48  48  48 255  96 0 0 Lucida Console
1  1  1   2    7    0    0    0  0  0  0  0   0 0   12   96.00  460.00   64.00   40.00 4 Upd  Tab     7 32 1a2add20820 - 255 128   0 255  96 0 0 Lucida Console
1  1  1   2    8    0    0    0  0  0  0  0   0 0   13   96.00  420.00   64.00   40.00 4 Upd  Tab     8 32 1a2add21330 - 255 128   0 255  96 0 0 Lucida Console
1  1  1   2    9    0    0    0  0  0  0  0   0 0   14   96.00  380.00   64.00   40.00 4 Upd  Tab     9 32 1a2add21ab0 - 255 128   0 255  96 0 0 Lucida Console
1  1  1   2   10    0    0    0  0  0  0  0   0 0   15   96.00  340.00   64.00   40.00 4 Upd  Tab    10 32 1a2add22230 - 255 128   0 255  96 0 0 Lucida Console
1  1  1   2   11    0    0    0  0  0  0  0   0 0   16   96.00  300.00   64.00   40.00 4 Upd  Tab    11 32 1a2add22a10 - 255 128   0 255  96 0 0 Lucida Console
1  1  1   2   12    0    0    0  0  0  0  0   0 0   17   96.00  260.00   64.00   40.00 4 Upd  Tab    12 32 1a2add23190 - 255 128   0 255  96 0 0 Lucida Console
1  1  1   3   12    0    0    0  0  0  0  0   0 0   18  160.00  360.00   64.00  240.00 3 Upd  Col     3 42 1a2add23910   48  48  48 255  96 0 0 Lucida Console
1  1  1   3   13    0    0    0  0  0  0  0   0 0   19  160.00  460.00   64.00   40.00 4 Upd  Tab    13 32 1a2add23bb0 - 255 128   0 255  96 0 0 Lucida Console
1  1  1   3   14    0    0    0  0  0  0  0   0 0   20  160.00  420.00   64.00   40.00 4 Upd  Tab    14 32 1a2b0ed4700 - 255 128   0 255  96 0 0 Lucida Console
1  1  1   3   15    0    0    0  0  0  0  0   0 0   21  160.00  380.00   64.00   40.00 4 Upd  Tab    15 32 1a2b0ed4e80 - 255 128   0 255  96 0 0 Lucida Console
1  1  1   3   16    0    0    0  0  0  0  0   0 0   22  160.00  340.00   64.00   40.00 4 Upd  Tab    16 32 1a2b0ed5600 - 255 128   0 255  96 0 0 Lucida Console
1  1  1   3   17    0    0    0  0  0  0  0   0 0   23  160.00  300.00   64.00   40.00 4 Upd  Tab    17 32 1a2b0ed5d80 - 255 128   0 255  96 0 0 Lucida Console
1  1  1   3   18    0    0    0  0  0  0  0   0 0   24  160.00  260.00   64.00   40.00 4 Upd  Tab    18 32 1a2b0ed6500 - 255 128   0 255  96 0 0 Lucida Console
1  1  1   4   18    0    0    0  0  0  0  0   0 0   25  224.00  360.00   64.00  240.00 3 Upd  Col     4 42 1a2b0ed6ce0   48  48  48 255  96 0 0 Lucida Console
1  1  1   4   19    0    0    0  0  0  0  0   0 0   26  224.00  460.00   64.00   40.00 4 Upd  Tab    19 32 1a2b0ed6f80 - 255 128   0 255  96 0 0 Lucida Console
1  1  1   4   20    0    0    0  0  0  0  0   0 0   27  224.00  420.00   64.00   40.00 4 Upd  Tab    20 32 1a2b0ed7a90 - 255 128   0 255  96 0 0 Lucida Console
1  1  1   4   21    0    0    0  0  0  0  0   0 0   28  224.00  380.00   64.00   40.00 4 Upd  Tab    21 32 1a2b0ed7fd0 - 255 128   0 255  96 0 0 Lucida Console
1  1  1   4   22    0    0    0  0  0  0  0   0 0   29  224.00  340.00   64.00   40.00 4 Upd  Tab    22 32 1a2b0ef09d0 - 255 128   0 255  96 0 0 Lucida Console
1  1  1   4   23    0    0    0  0  0  0  0   0 0   30  224.00  300.00   64.00   40.00 4 Upd  Tab    23 32 1a2b0ef1150 - 255 128   0 255  96 0 0 Lucida Console
1  1  1   4   24    0    0    0  0  0  0  0   0 0   31  224.00  260.00   64.00   40.00 4 Upd  Tab    24 32 1a2b0ef18d0 - 255 128   0 255  96 0 0 Lucida Console
1  1  1   5   24    0    0    0  0  0  0  0   0 0   32  288.00  360.00   64.00  240.00 3 Upd  Col     5 42 1a2b0ef2050   48  48  48 255  96 0 0 Lucida Console
1  1  1   5   25    0    0    0  0  0  0  0   0 0   33  288.00  460.00   64.00   40.00 4 Upd  Tab    25 32 1a2b0ef22f0 - 255 128   0 255  96 0 0 Lucida Console
1  1  1   5   26    0    0    0  0  0  0  0   0 0   34  288.00  420.00   64.00   40.00 4 Upd  Tab    26 32 1a2b0ef2e00 - 255 128   0 255  96 0 0 Lucida Console
1  1  1   5   27    0    0    0  0  0  0  0   0 0   35  288.00  380.00   64.00   40.00 4 Upd  Tab    27 32 1a2b0ef3580 - 255 128   0 255  96 0 0 Lucida Console
1  1  1   5   28    0    0    0  0  0  0  0   0 0   36  288.00  340.00   64.00   40.00 4 Upd  Tab    28 32 1a2b0ef3d00 - 255 128   0 255  96 0 0 Lucida Console
1  1  1   5   29    0    0    0  0  0  0  0   0 0   37  288.00  300.00   64.00   40.00 4 Upd  Tab    29 32 1a2b0ef3fa0 - 255 128   0 255  96 0 0 Lucida Console
1  1  1   5   30    0    0    0  0  0  0  0   0 0   38  288.00  260.00   64.00   40.00 4 Upd  Tab    30 32 1a2b0f04c40 - 255 128   0 255  96 0 0 Lucida Console
1  1  1   6   30    0    0    0  0  0  0  0   0 0   39  352.00  360.00   64.00  240.00 3 Upd  Col     6 42 1a2b0f053c0   48  48  48 255  96 0 0 Lucida Console
1  1  1   6   31    0    0    0  0  0  0  0   0 0   40  352.00  460.00   64.00   40.00 4 Upd  Tab    31 32 1a2b0f05660 - 255 128   0 255  96 0 0 Lucida Console
1  1  1   6   32    0    0    0  0  0  0  0   0 0   41  352.00  420.00   64.00   40.00 4 Upd  Tab    32 32 1a2b0f06170 - 255 128   0 255  96 0 0 Lucida Console
1  1  1   6   33    0    0    0  0  0  0  0   0 0   42  352.00  380.00   64.00   40.00 4 Upd  Tab    33 32 1a2b0f068f0 - 255 128   0 255  96 0 0 Lucida Console
1  1  1   6   34    0    0    0  0  0  0  0   0 0   43  352.00  340.00   64.00   40.00 4 Upd  Tab    34 32 1a2b0f07070 - 255 128   0 255  96 0 0 Lucida Console
1  1  1   6   35    0    0    0  0  0  0  0   0 0   44  352.00  300.00   64.00   40.00 4 Upd  Tab    35 32 1a2b0f07850 - 255 128   0 255  96 0 0 Lucida Console
1  1  1   6   36    0    0    0  0  0  0  0   0 0   45  352.00  260.00   64.00   40.00 4 Upd  Tab    36 32 1a2b0f07f10 - 255 128   0 255  96 0 0 Lucida Console
1  1  1   7   36    0    0    0  0  0  0  0   0 0   46  416.00  360.00   64.00  240.00 3 Upd  Col     7 42 1a2b0f18790   48  48  48 255  96 0 0 Lucida Console
1  1  1   7   37    0    0    0  0  0  0  0   0 0   47  416.00  460.00   64.00   40.00 4 Upd  Tab    37 32 1a2b0f18a30 - 255 128   0 255  96 0 0 Lucida Console
1  1  1   7   38    0    0    0  0  0  0  0   0 0   48  416.00  420.00   64.00   40.00 4 Upd  Tab    38 32 1a2b0f19540 - 255 128   0 255  96 0 0 Lucida Console
1  1  1   7   39    0    0    0  0  0  0  0   0 0   49  416.00  380.00   64.00   40.00 4 Upd  Tab    39 32 1a2adbb93c0 - 255 128   0 255  96 0 0 Lucida Console
1  1  1   7   40    0    0    0  0  0  0  0   0 0   50  416.00  340.00   64.00   40.00 4 Upd  Tab    40 32 1a2b0ef3f40 - 255 128   0 255  96 0 0 Lucida Console
1  1  1   7   41    0    0    0  0  0  0  0   0 0   51  416.00  300.00   64.00   40.00 4 Upd  Tab    41 32 1a2b0f1a1d0 - 255 128   0 255  96 0 0 Lucida Console
1  1  1   7   42    0    0    0  0  0  0  0   0 0   52  416.00  260.00   64.00   40.00 4 Upd  Tab    42 32 1a2b0f1a950 - 255 128   0 255  96 0 0 Lucida Console
1  1  1   8   42    0    0    0  0  0  0  0   0 0   53  480.00  360.00   64.00  240.00 3 Upd  Col     8 42 1a2b0f1b0d0   48  48  48 255  96 0 0 Lucida Console
1  1  1   8   43    0    0    0  0  0  0  0   0 0   54  480.00  460.00   64.00   40.00 4 Upd  Tab    43 32 1a2b0f1b370 - 255 128   0 255  96 0 0 Lucida Console
1  1  1   8   44    0    0    0  0  0  0  0   0 0   55  480.00  420.00   64.00   40.00 4 Upd  Tab    44 32 1a2b0f1be80 - 255 128   0 255  96 0 0 Lucida Console
1  1  1   8   45    0    0    0  0  0  0  0   0 0   56  480.00  380.00   64.00   40.00 4 Upd  Tab    45 32 1a2b0f30640 - 255 128   0 255  96 0 0 Lucida Console
1  1  1   8   46    0    0    0  0  0  0  0   0 0   57  480.00  340.00   64.00   40.00 4 Upd  Tab    46 32 1a2b0f30dc0 - 255 128   0 255  96 0 0 Lucida Console
1  1  1   8   47    0    0    0  0  0  0  0   0 0   58  480.00  300.00   64.00   40.00 4 Upd  Tab    47 32 1a2b0f31540 - 255 128   0 255  96 0 0 Lucida Console
1  1  1   8   48    0    0    0  0  0  0  0   0 0   59  480.00  260.00   64.00   40.00 4 Upd  Tab    48 32 1a2b0f31cc0 - 255 128   0 255  96 0 0 Lucida Console
1  1  1   9   48    0    0    0  0  0  0  0   0 0   60  544.00  360.00   64.00  240.00 3 Upd  Col     9 42 1a2b0f32440   48  48  48 255  96 0 0 Lucida Console
1  1  1   9   49    0    0    0  0  0  0  0   0 0   61  544.00  460.00   64.00   40.00 4 Upd  Tab    49 32 1a2b0f326e0 - 255 128   0 255  96 0 0 Lucida Console
1  1  1   9   50    0    0    0  0  0  0  0   0 0   62  544.00  420.00   64.00   40.00 4 Upd  Tab    50 32 1a2b0f331f0 - 255 128   0 255  96 0 0 Lucida Console
1  1  1   9   51    0    0    0  0  0  0  0   0 0   63  544.00  380.00   64.00   40.00 4 Upd  Tab    51 32 1a2b0f33970 - 255 128   0 255  96 0 0 Lucida Console
1  1  1   9   52    0    0    0  0  0  0  0   0 0   64  544.00  340.00   64.00   40.00 4 Upd  Tab    52 32 1a2b0f33e50 - 255 128   0 255  96 0 0 Lucida Console
1  1  1   9   53    0    0    0  0  0  0  0   0 0   65  544.00  300.00   64.00   40.00 4 Upd  Tab    53 32 1a2b0f448b0 - 255 128   0 255  96 0 0 Lucida Console
1  1  1   9   54    0    0    0  0  0  0  0   0 0   66  544.00  260.00   64.00   40.00 4 Upd  Tab    54 32 1a2b0f45030 - 255 128   0 255  96 0 0 Lucida Console
1  1  1  10   54    0    0    0  0  0  0  0   0 0   67  608.00  360.00   64.00  240.00 3 Upd  Col    10 42 1a2b0f457b0   48  48  48 255  96 0 0 Lucida Console
1  1  1  10   55    0    0    0  0  0  0  0   0 0   68  608.00  460.00   64.00   40.00 4 Upd  Tab    55 32 1a2b0f45a50 - 255 128   0 255  96 0 0 Lucida Console
1  1  1  10   56    0    0    0  0  0  0  0   0 0   69  608.00  420.00   64.00   40.00 4 Upd  Tab    56 32 1a2b0f46560 - 255 128   0 255  96 0 0 Lucida Console
1  1  1  10   57    0    0    0  0  0  0  0   0 0   70  608.00  380.00   64.00   40.00 4 Upd  Tab    57 32 1a2b0f46ce0 - 255 128   0 255  96 0 0 Lucida Console
1  1  1  10   58    0    0    0  0  0  0  0   0 0   71  608.00  340.00   64.00   40.00 4 Upd  Tab    58 32 1a2b0f47460 - 255 128   0 255  96 0 0 Lucida Console
1  1  1  10   59    0    0    0  0  0  0  0   0 0   72  608.00  300.00   64.00   40.00 4 Upd  Tab    59 32 1a2b0f47be0 - 255 128   0 255  96 0 0 Lucida Console
1  1  1  10   60    0    0    0  0  0  0  0   0 0   73  608.00  260.00   64.00   40.00 4 Upd  Tab    60 32 1a2b0f47e80 - 255 128   0 255  96 0 0 Lucida Console
1  2  1  10   60    0    0    0  0  0  0  0   0 0   74  320.00  120.00  640.00  240.00 1 Upd  Line    2 42 1a2b0f60b20   18  11 112 255  96 0 0 Lucida Console
1  2  2  10   60    0    0    0  0  0  0  0   0 0   75  320.00  120.00  640.00  240.00 2 Upd  Sect    2 42 1a2b0f60dc0   15 112 112 255  96 0 0 Lucida Console
1  2  2  11   60    0    0    0  0  0  0  0   0 0   76   32.00  120.00   64.00  240.00 3 Upd  Col    11 42 1a2b0f613f0   48  48  48 255  96 0 0 Lucida Console
1  2  2  11   61    0    0    0  0  0  0  0   0 0   77   32.00  220.00   64.00   40.00 4 Upd  Tab    61 32 1a2b0f61a20 - 255 128   0 255  96 0 0 Lucida Console
1  2  2  11   62    0    0    0  0  0  0  0   0 0   78   32.00  180.00   64.00   40.00 4 Upd  Tab    62 32 1a2b0f62530 - 255 128   0 255  96 0 0 Lucida Console
1  2  2  11   63    0    0    0  0  0  0  0   0 0   79   32.00  140.00   64.00   40.00 4 Upd  Tab    63 32 1a2b0f62cb0 - 255 128   0 255  96 0 0 Lucida Console
1  2  2  11   64    0    0    0  0  0  0  0   0 0   80   32.00  100.00   64.00   40.00 4 Upd  Tab    64 32 1a2b0f633a0 - 255 128   0 255  96 0 0 Lucida Console
1  2  2  11   65    0    0    0  0  0  0  0   0 0   81   32.00   60.00   64.00   40.00 4 Upd  Tab    65 32 1a2b0f63ac0 - 255 128   0 255  96 0 0 Lucida Console
1  2  2  11   66    0    0    0  0  0  0  0   0 0   82   32.00   20.00   64.00   40.00 4 Upd  Tab    66 32 1a2b0f63fa0 - 255 128   0 255  96 0 0 Lucida Console
1  2  2  12   66    0    0    0  0  0  0  0   0 0   83   96.00  120.00   64.00  240.00 3 Upd  Col    12 42 1a2b0f74a60   48  48  48 255  96 0 0 Lucida Console
1  2  2  12   67    0    0    0  0  0  0  0   0 0   84   96.00  220.00   64.00   40.00 4 Upd  Tab    67 32 1a2b0f74d00 - 255 128   0 255  96 0 0 Lucida Console
1  2  2  12   68    0    0    0  0  0  0  0   0 0   85   96.00  180.00   64.00   40.00 4 Upd  Tab    68 32 1a2b0f75810 - 255 128   0 255  96 0 0 Lucida Console
1  2  2  12   69    0    0    0  0  0  0  0   0 0   86   96.00  140.00   64.00   40.00 4 Upd  Tab    69 32 1a2b0f75f90 - 255 128   0 255  96 0 0 Lucida Console
1  2  2  12   70    0    0    0  0  0  0  0   0 0   87   96.00  100.00   64.00   40.00 4 Upd  Tab    70 32 1a2b0f76710 - 255 128   0 255  96 0 0 Lucida Console
1  2  2  12   71    0    0    0  0  0  0  0   0 0   88   96.00   60.00   64.00   40.00 4 Upd  Tab    71 32 1a2b0f76e90 - 255 128   0 255  96 0 0 Lucida Console
1  2  2  12   72    0    0    0  0  0  0  0   0 0   89   96.00   20.00   64.00   40.00 4 Upd  Tab    72 32 1a2b0f77610 - 255 128   0 255  96 0 0 Lucida Console
1  2  2  13   72    0    0    0  0  0  0  0   0 0   90  160.00  120.00   64.00  240.00 3 Upd  Col    13 42 1a2b0f77d90   48  48  48 255  96 0 0 Lucida Console
1  2  2  13   73    0    0    0  0  0  0  0   0 0   91  160.00  220.00   64.00   40.00 4 Upd  Tab    73 32 1a2b0f88070 - 255 128   0 255  96 0 0 Lucida Console
1  2  2  13   74    0    0    0  0  0  0  0   0 0   92  160.00  180.00   64.00   40.00 4 Upd  Tab    74 32 1a2b0f88b80 - 255 128   0 255  96 0 0 Lucida Console
1  2  2  13   75    0    0    0  0  0  0  0   0 0   93  160.00  140.00   64.00   40.00 4 Upd  Tab    75 32 1a2b0f89300 - 255 128   0 255  96 0 0 Lucida Console
1  2  2  13   76    0    0    0  0  0  0  0   0 0   94  160.00  100.00   64.00   40.00 4 Upd  Tab    76 32 1a2b0f89a80 - 255 128   0 255  96 0 0 Lucida Console
1  2  2  13   77    0    0    0  0  0  0  0   0 0   95  160.00   60.00   64.00   40.00 4 Upd  Tab    77 32 1a2b0f8a200 - 255 128   0 255  96 0 0 Lucida Console
1  2  2  13   78    0    0    0  0  0  0  0   0 0   96  160.00   20.00   64.00   40.00 4 Upd  Tab    78 32 1a2b0f8a980 - 255 128   0 255  96 0 0 Lucida Console
1  2  2  14   78    0    0    0  0  0  0  0   0 0   97  224.00  120.00   64.00  240.00 3 Upd  Col    14 42 1a2b0f8b100   48  48  48 255  96 0 0 Lucida Console
1  2  2  14   79    0    0    0  0  0  0  0   0 0   98  224.00  220.00   64.00   40.00 4 Upd  Tab    79 32 1a2b0f8b3a0 - 255 128   0 255  96 0 0 Lucida Console
1  2  2  14   80    0    0    0  0  0  0  0   0 0   99  224.00  180.00   64.00   40.00 4 Upd  Tab    80 32 1a2b0ef3b20 - 255 128   0 255  96 0 0 Lucida Console
1  2  2  14   81    0    0    0  0  0  0  0   0 0  100  224.00  140.00   64.00   40.00 4 Upd  Tab    81 32 1a2b0f77fd0 - 255 128   0 255  96 0 0 Lucida Console
1  2  2  14   82    0    0    0  0  0  0  0   0 0  101  224.00  100.00   64.00   40.00 4 Upd  Tab    82 32 1a2b0f8bbe0 - 255 128   0 255  96 0 0 Lucida Console
1  2  2  14   83    0    0    0  0  0  0  0   0 0  102  224.00   60.00   64.00   40.00 4 Upd  Tab    83 32 1a2b0f98c10 - 255 128   0 255  96 0 0 Lucida Console
1  2  2  14   84    0    0    0  0  0  0  0   0 0  103  224.00   20.00   64.00   40.00 4 Upd  Tab    84 32 1a2b0f99390 - 255 128   0 255  96 0 0 Lucida Console
1  2  2  15   84    0    0    0  0  0  0  0   0 0  104  288.00  120.00   64.00  240.00 3 Upd  Col    15 42 1a2b0f99b10   48  48  48 255  96 0 0 Lucida Console
1  2  2  15   85    0    0    0  0  0  0  0   0 0  105  288.00  220.00   64.00   40.00 4 Upd  Tab    85 32 1a2b0f99db0 - 255 128   0 255  96 0 0 Lucida Console
1  2  2  15   86    0    0    0  0  0  0  0   0 0  106  288.00  180.00   64.00   40.00 4 Upd  Tab    86 32 1a2b0f9a8c0 - 255 128   0 255  96 0 0 Lucida Console
1  2  2  15   87    0    0    0  0  0  0  0   0 0  107  288.00  140.00   64.00   40.00 4 Upd  Tab    87 32 1a2b0f9b040 - 255 128   0 255  96 0 0 Lucida Console
1  2  2  15   88    0    0    0  0  0  0  0   0 0  108  288.00  100.00   64.00   40.00 4 Upd  Tab    88 32 1a2b0f9b7f0 - 255 128   0 255  96 0 0 Lucida Console
1  2  2  15   89    0    0    0  0  0  0  0   0 0  109  288.00   60.00   64.00   40.00 4 Upd  Tab    89 32 1a2b0f9bf10 - 255 128   0 255  96 0 0 Lucida Console
1  2  2  15   90    0    0    0  0  0  0  0   0 0  110  288.00   20.00   64.00   40.00 4 Upd  Tab    90 32 1a2b0fac730 - 255 128   0 255  96 0 0 Lucida Console
1  2  2  16   90    0    0    0  0  0  0  0   0 0  111  352.00  120.00   64.00  240.00 3 Upd  Col    16 42 1a2b0faceb0   48  48  48 255  96 0 0 Lucida Console
1  2  2  16   91    0    0    0  0  0  0  0   0 0  112  352.00  220.00   64.00   40.00 4 Upd  Tab    91 32 1a2b0fad150 - 255 128   0 255  96 0 0 Lucida Console
1  2  2  16   92    0    0    0  0  0  0  0   0 0  113  352.00  180.00   64.00   40.00 4 Upd  Tab    92 32 1a2b0fadc60 - 255 128   0 255  96 0 0 Lucida Console
1  2  2  16   93    0    0    0  0  0  0  0   0 0  114  352.00  140.00   64.00   40.00 4 Upd  Tab    93 32 1a2b0fae3e0 - 255 128   0 255  96 0 0 Lucida Console
1  2  2  16   94    0    0    0  0  0  0  0   0 0  115  352.00  100.00   64.00   40.00 4 Upd  Tab    94 32 1a2b0faeb60 - 255 128   0 255  96 0 0 Lucida Console
1  2  2  16   95    0    0    0  0  0  0  0   0 0  116  352.00   60.00   64.00   40.00 4 Upd  Tab    95 32 1a2b0faf2e0 - 255 128   0 255  96 0 0 Lucida Console
1  2  2  16   96    0    0    0  0  0  0  0   0 0  117  352.00   20.00   64.00   40.00 4 Upd  Tab    96 32 1a2b0fafa60 - 255 128   0 255  96 0 0 Lucida Console
1  2  2  17   96    0    0    0  0  0  0  0   0 0  118  416.00  120.00   64.00  240.00 3 Upd  Col    17 42 1a2b0faffd0   48  48  48 255  96 0 0 Lucida Console
1  2  2  17   97    0    0    0  0  0  0  0   0 0  119  416.00  220.00   64.00   40.00 4 Upd  Tab    97 32 1a2b0fc84c0 - 255 128   0 255  96 0 0 Lucida Console
1  2  2  17   98    0    0    0  0  0  0  0   0 0  120  416.00  180.00   64.00   40.00 4 Upd  Tab    98 32 1a2b0fc8fd0 - 255 128   0 255  96 0 0 Lucida Console
1  2  2  17   99    0    0    0  0  0  0  0   0 0  121  416.00  140.00   64.00   40.00 4 Upd  Tab    99 32 1a2b0fc9750 - 255 128   0 255  96 0 0 Lucida Console
1  2  2  17  100    0    0    0  0  0  0  0   0 0  122  416.00  100.00   64.00   40.00 4 Upd  Tab   100 32 1a2b0fc9ed0 - 255 128   0 255  96 0 0 Lucida Console
1  2  2  17  101    0    0    0  0  0  0  0   0 0  123  416.00   60.00   64.00   40.00 4 Upd  Tab   101 32 1a2b0fca650 - 255 128   0 255  96 0 0 Lucida Console
1  2  2  17  102    0    0    0  0  0  0  0   0 0  124  416.00   20.00   64.00   40.00 4 Upd  Tab   102 32 1a2b0fcadd0 - 255 128   0 255  96 0 0 Lucida Console
1  2  2  18  102    0    0    0  0  0  0  0   0 0  125  480.00  120.00   64.00  240.00 3 Upd  Col    18 42 1a2b0fcb550   48  48  48 255  96 0 0 Lucida Console
1  2  2  18  103    0    0    0  0  0  0  0   0 0  126  480.00  220.00   64.00   40.00 4 Upd  Tab   103 32 1a2b0fcb7f0 - 255 128   0 255  96 0 0 Lucida Console
1  2  2  18  104    0    0    0  0  0  0  0   0 0  127  480.00  180.00   64.00   40.00 4 Upd  Tab   104 32 1a2b0fcbe20 - 255 128   0 255  96 0 0 Lucida Console
1  2  2  18  105    0    0    0  0  0  0  0   0 0  128  480.00  140.00   64.00   40.00 4 Upd  Tab   105 32 1a2b0fe0ac0 - 255 128   0 255  96 0 0 Lucida Console
1  2  2  18  106    0    0    0  0  0  0  0   0 0  129  480.00  100.00   64.00   40.00 4 Upd  Tab   106 32 1a2b0fe1240 - 255 128   0 255  96 0 0 Lucida Console
1  2  2  18  107    0    0    0  0  0  0  0   0 0  130  480.00   60.00   64.00   40.00 4 Upd  Tab   107 32 1a2b0fe19c0 - 255 128   0 255  96 0 0 Lucida Console
1  2  2  18  108    0    0    0  0  0  0  0   0 0  131  480.00   20.00   64.00   40.00 4 Upd  Tab   108 32 1a2b0fe2140 - 255 128   0 255  96 0 0 Lucida Console
1  2  2  19  108    0    0    0  0  0  0  0   0 0  132  544.00  120.00   64.00  240.00 3 Upd  Col    19 42 1a2b0fe28c0   48  48  48 255  96 0 0 Lucida Console
1  2  2  19  109    0    0    0  0  0  0  0   0 0  133  544.00  220.00   64.00   40.00 4 Upd  Tab   109 32 1a2b0fe2b60 - 255 128   0 255  96 0 0 Lucida Console
1  2  2  19  110    0    0    0  0  0  0  0   0 0  134  544.00  180.00   64.00   40.00 4 Upd  Tab   110 32 1a2b0fe3670 - 255 128   0 255  96 0 0 Lucida Console
1  2  2  19  111    0    0    0  0  0  0  0   0 0  135  544.00  140.00   64.00   40.00 4 Upd  Tab   111 32 1a2b0fe3df0 - 255 128   0 255  96 0 0 Lucida Console
1  2  2  19  112    0    0    0  0  0  0  0   0 0  136  544.00  100.00   64.00   40.00 4 Upd  Tab   112 32 1a2b0ff45b0 - 255 128   0 255  96 0 0 Lucida Console
1  2  2  19  113    0    0    0  0  0  0  0   0 0  137  544.00   60.00   64.00   40.00 4 Upd  Tab   113 32 1a2b0ff4d30 - 255 128   0 255  96 0 0 Lucida Console
1  2  2  19  114    0    0    0  0  0  0  0   0 0  138  544.00   20.00   64.00   40.00 4 Upd  Tab   114 32 1a2b0ff54b0 - 255 128   0 255  96 0 0 Lucida Console
1  2  2  20  114    0    0    0  0  0  0  0   0 0  139  608.00  120.00   64.00  240.00 3 Upd  Col    20 42 1a2b0ff5c30   48  48  48 255  96 0 0 Lucida Console
1  2  2  20  115    0    0    0  0  0  0  0   0 0  140  608.00  220.00   64.00   40.00 4 Upd  Tab   115 32 1a2b0ff5ed0 - 255 128   0 255  96 0 0 Lucida Console
1  2  2  20  116    0    0    0  0  0  0  0   0 0  141  608.00  180.00   64.00   40.00 4 Upd  Tab   116 32 1a2b0ff69e0 - 255 128   0 255  96 0 0 Lucida Console
1  2  2  20  117    0    0    0  0  0  0  0   0 0  142  608.00  140.00   64.00   40.00 4 Upd  Tab   117 32 1a2b0ff7160 - 255 128   0 255  96 0 0 Lucida Console
1  2  2  20  118    0    0    0  0  0  0  0   0 0  143  608.00  100.00   64.00   40.00 4 Upd  Tab   118 32 1a2b0ff78e0 - 255 128   0 255  96 0 0 Lucida Console
1  2  2  20  119    0    0    0  0  0  0  0   0 0  144  608.00   60.00   64.00   40.00 4 Upd  Tab   119 32 1a2b0ff7e50 - 255 128   0 255  96 0 0 Lucida Console
1  2  2  20  120    0    0    0  0  0  0  0   0 0  145  608.00   20.00   64.00   40.00 4 Upd  Tab   120 32 1a2b1004820 - 255 128   0 255  96 0 0 Lucida Console
2  2  2  20  120    0    0    0  0  0  0  0   0 0  146  320.00  240.00  640.00  480.00 0 Upd  Page    2 34 1a2b1004fa0   94  39 132 255  96 0 0 Lucida Console
2  3  2  20  120    0    0    0  0  0  0  0   0 0  147  320.00  360.00  640.00  240.00 1 Upd  Line    3  0 1a2b1005240   18  11 112 255  96 0 0 Lucida Console
2  3  3  20  120    0    0    0  0  0  0  0   0 0  148  320.00  360.00  640.00  240.00 2 Upd  Sect    3  0 1a2b1005870   15 112 112 255  96 0 0 Lucida Console
2  3  3  21  120    0    0    0  0  0  0  0   0 0  149   32.00  360.00   64.00  240.00 3 Upd  Col    21  0 1a2b0f75db0   48  48  48 255  96 0 0 Lucida Console
2  3  3  21  121    0    0    0  0  0  0  0   0 0  150   32.00  460.00   64.00   40.00 4 Upd  Tab   121  0 1a2b0fcabf0 - 255 128   0 255  96 0 0 Lucida Console
2  3  3  21  122    0    0    0  0  0  0  0   0 0  151   32.00  420.00   64.00   40.00 4 Upd  Tab   122  0 1a2b10067a0 - 255 128   0 255  96 0 0 Lucida Console
2  3  3  21  123    0    0    0  0  0  0  0   0 0  152   32.00  380.00   64.00   40.00 4 Upd  Tab   123  0 1a2b10071f0 - 255 128   0 255  96 0 0 Lucida Console
2  3  3  21  124    0    0    0  0  0  0  0   0 0  153   32.00  340.00   64.00   40.00 4 Upd  Tab   124  0 1a2b10078b0 - 255 128   0 255  96 0 0 Lucida Console
2  3  3  21  125    0    0    0  0  0  0  0   0 0  154   32.00  300.00   64.00   40.00 4 Upd  Tab   125  0 1a2b1007d60 - 255 128   0 255  96 0 0 Lucida Console
2  3  3  21  126    0    0    0  0  0  0  0   0 0  155   32.00  260.00   64.00   40.00 4 Upd  Tab   126  0 1a2b10207f0 - 255 128   0 255  96 0 0 Lucida Console
2  3  3  22  126    0    0    0  0  0  0  0   0 0  156   96.00  360.00   64.00  240.00 3 Upd  Col    22  0 1a2b1020fd0   48  48  48 255  96 0 0 Lucida Console
2  3  3  22  127    0    0    0  0  0  0  0   0 0  157   96.00  460.00   64.00   40.00 4 Upd  Tab   127  0 1a2b1021270 - 255 128   0 255  96 0 0 Lucida Console
2  3  3  22  128    0    0    0  0  0  0  0   0 0  158   96.00  420.00   64.00   40.00 4 Upd  Tab   128  0 1a2b1021d80 - 255 128   0 255  96 0 0 Lucida Console
2  3  3  22  129    0    0    0  0  0  0  0   0 0  159   96.00  380.00   64.00   40.00 4 Upd  Tab   129  0 1a2b1022530 - 255 128   0 255  96 0 0 Lucida Console
2  3  3  22  130    0    0    0  0  0  0  0   0 0  160   96.00  340.00   64.00   40.00 4 Upd  Tab   130  0 1a2b1022cb0 - 255 128   0 255  96 0 0 Lucida Console
2  3  3  22  131    0    0    0  0  0  0  0   0 0  161   96.00  300.00   64.00   40.00 4 Upd  Tab   131  0 1a2b1023490 - 255 128   0 255  96 0 0 Lucida Console
2  3  3  22  132    0    0    0  0  0  0  0   0 0  162   96.00  260.00   64.00   40.00 4 Upd  Tab   132  0 1a2b1023c10 - 255 128   0 255  96 0 0 Lucida Console
2  3  3  23  132    0    0    0  0  0  0  0   0 0  163  160.00  360.00   64.00  240.00 3 Upd  Col    23  0 1a2b1023eb0   48  48  48 255  96 0 0 Lucida Console
2  3  3  23  133    0    0    0  0  0  0  0   0 0  164  160.00  460.00   64.00   40.00 4 Upd  Tab   133  0 1a2b1034670 - 255 128   0 255  96 0 0 Lucida Console
2  3  3  23  134    0    0    0  0  0  0  0   0 0  165  160.00  420.00   64.00   40.00 4 Upd  Tab   134  0 1a2b1035180 - 255 128   0 255  96 0 0 Lucida Console
2  3  3  23  135    0    0    0  0  0  0  0   0 0  166  160.00  380.00   64.00   40.00 4 Upd  Tab   135  0 1a2b1035900 - 255 128   0 255  96 0 0 Lucida Console
2  3  3  23  136    0    0    0  0  0  0  0   0 0  167  160.00  340.00   64.00   40.00 4 Upd  Tab   136  0 1a2b1036080 - 255 128   0 255  96 0 0 Lucida Console
2  3  3  23  137    0    0    0  0  0  0  0   0 0  168  160.00  300.00   64.00   40.00 4 Upd  Tab   137  0 1a2b10367d0 - 255 128   0 255  96 0 0 Lucida Console
2  3  3  23  138    0    0    0  0  0  0  0   0 0  169  160.00  260.00   64.00   40.00 4 Upd  Tab   138  0 1a2b1036f50 - 255 128   0 255  96 0 0 Lucida Console
2  3  3  24  138    0    0    0  0  0  0  0   0 0  170  224.00  360.00   64.00  240.00 3 Upd  Col    24  0 1a2b1037700   48  48  48 255  96 0 0 Lucida Console
2  3  3  24  139    0    0    0  0  0  0  0   0 0  171  224.00  460.00   64.00   40.00 4 Upd  Tab   139  0 1a2b10379a0 - 255 128   0 255  96 0 0 Lucida Console
2  3  3  24  140    0    0    0  0  0  0  0   0 0  172  224.00  420.00   64.00   40.00 4 Upd  Tab   140  0 1a2b1037fd0 - 255 128   0 255  96 0 0 Lucida Console
2  3  3  24  141    0    0    0  0  0  0  0   0 0  173  224.00  380.00   64.00   40.00 4 Upd  Tab   141  0 1a2b1048c70 - 255 128   0 255  96 0 0 Lucida Console
2  3  3  24  142    0    0    0  0  0  0  0   0 0  174  224.00  340.00   64.00   40.00 4 Upd  Tab   142  0 1a2b10493f0 - 255 128   0 255  96 0 0 Lucida Console
2  3  3  24  143    0    0    0  0  0  0  0   0 0  175  224.00  300.00   64.00   40.00 4 Upd  Tab   143  0 1a2b1049b70 - 255 128   0 255  96 0 0 Lucida Console
2  3  3  24  144    0    0    0  0  0  0  0   0 0  176  224.00  260.00   64.00   40.00 4 Upd  Tab   144  0 1a2b104a2f0 - 255 128   0 255  96 0 0 Lucida Console
2  3  3  25  144    0    0    0  0  0  0  0   0 0  177  288.00  360.00   64.00  240.00 3 Upd  Col    25  0 1a2b104aa70   48  48  48 255  96 0 0 Lucida Console
2  3  3  25  145    0    0    0  0  0  0  0   0 0  178  288.00  460.00   64.00   40.00 4 Upd  Tab   145  0 1a2b104ad10 - 255 128   0 255  96 0 0 Lucida Console
2  3  3  25  146    0    0    0  0  0  0  0   0 0  179  288.00  420.00   64.00   40.00 4 Upd  Tab   146  0 1a2b104b820 - 255 128   0 255  96 0 0 Lucida Console
2  3  3  25  147    0    0    0  0  0  0  0   0 0  180  288.00  380.00   64.00   40.00 4 Upd  Tab   147  0 1a2b104beb0 - 255 128   0 255  96 0 0 Lucida Console
2  3  3  25  148    0    0    0  0  0  0  0   0 0  181  288.00  340.00   64.00   40.00 4 Upd  Tab   148  0 1a2b1064760 - 255 128   0 255  96 0 0 Lucida Console
2  3  3  25  149    0    0    0  0  0  0  0   0 0  182  288.00  300.00   64.00   40.00 4 Upd  Tab   149  0 1a2b1064ee0 - 255 128   0 255  96 0 0 Lucida Console
2  3  3  25  150    0    0    0  0  0  0  0   0 0  183  288.00  260.00   64.00   40.00 4 Upd  Tab   150  0 1a2b1065660 - 255 128   0 255  96 0 0 Lucida Console
2  3  3  26  150    0    0    0  0  0  0  0   0 0  184  352.00  360.00   64.00  240.00 3 Upd  Col    26  0 1a2b1065de0   48  48  48 255  96 0 0 Lucida Console
2  3  3  26  151    0    0    0  0  0  0  0   0 0  185  352.00  460.00   64.00   40.00 4 Upd  Tab   151  0 1a2b1066080 - 255 128   0 255  96 0 0 Lucida Console
2  3  3  26  152    0    0    0  0  0  0  0   0 0  186  352.00  420.00   64.00   40.00 4 Upd  Tab   152  0 1a2b1066b90 - 255 128   0 255  96 0 0 Lucida Console
2  3  3  26  153    0    0    0  0  0  0  0   0 0  187  352.00  380.00   64.00   40.00 4 Upd  Tab   153  0 1a2b1067310 - 255 128   0 255  96 0 0 Lucida Console
2  3  3  26  154    0    0    0  0  0  0  0   0 0  188  352.00  340.00   64.00   40.00 4 Upd  Tab   154  0 1a2b1067a90 - 255 128   0 255  96 0 0 Lucida Console
2  3  3  26  155    0    0    0  0  0  0  0   0 0  189  352.00  300.00   64.00   40.00 4 Upd  Tab   155  0 1a2b1067fd0 - 255 128   0 255  96 0 0 Lucida Console
2  3  3  26  156    0    0    0  0  0  0  0   0 0  190  352.00  260.00   64.00   40.00 4 Upd  Tab   156  0 1a2b10789d0 - 255 128   0 255  96 0 0 Lucida Console
2  3  3  27  156    0    0    0  0  0  0  0   0 0  191  416.00  360.00   64.00  240.00 3 Upd  Col    27  0 1a2b1079150   48  48  48 255  96 0 0 Lucida Console
2  3  3  27  157    0    0    0  0  0  0  0   0 0  192  416.00  460.00   64.00   40.00 4 Upd  Tab   157  0 1a2b10793f0 - 255 128   0 255  96 0 0 Lucida Console
2  3  3  27  158    0    0    0  0  0  0  0   0 0  193  416.00  420.00   64.00   40.00 4 Upd  Tab   158  0 1a2b1079f00 - 255 128   0 255  96 0 0 Lucida Console
2  3  3  27  159    0    0    0  0  0  0  0   0 0  194  416.00  380.00   64.00   40.00 4 Upd  Tab   159  0 1a2b107a680 - 255 128   0 255  96 0 0 Lucida Console
2  3  3  27  160    0    0    0  0  0  0  0   0 0  195  416.00  340.00   64.00   40.00 4 Upd  Tab   160  0 1a2b107ae00 - 255 128   0 255  96 0 0 Lucida Console
2  3  3  27  161    0    0    0  0  0  0  0   0 0  196  416.00  300.00   64.00   40.00 4 Upd  Tab   161  0 1a2b107b580 - 255 128   0 255  96 0 0 Lucida Console
