1                       90 tabs.py              __init__ (BGN) <class '__main__.Tabs'>
1                       91 tabs.py              __init__ QQ=1 VRSN1=1 SPRITES=1 VRSN2=1
1                       92 tabs.py              __init__ QQ=1 SPRITES=1
1                       93 tabs.py              __init__ EVENT_LOG=1 FULL_SCREEN=0 ORDER_GROUP=1 RESIZE=0 SUBPIX=1
1                       94 tabs.py              __init__ C:\Python36\my\tabs\snaps\tabs.B.2.*.png
1                      110 tabs.py              __init__ [n]            n=[1 3  6  20 1  20]
1                      111 tabs.py              __init__ [i]            i=[1 1  1   1 1   1]
1                      112 tabs.py              __init__ [x]            x=[  0   0   0   5   0   5]
1                      113 tabs.py              __init__ [y]            y=[  0   0   0   5   0   5]
1                      114 tabs.py              __init__ [w]           ww=640
1                      115 tabs.py              __init__ [h]           hh=480
1                      116 tabs.py              __init__ [f]  FULL_SCREEN=0
1                      117 tabs.py              __init__ [g]  ORDER_GROUP=1
1                      118 tabs.py              __init__ [s]       SUBPIX=1
 2                     712 tabs.py              dumpFont () 0 4DPI 14pt 0 (123.429*14pt/4DPI)=432.000pixels
 2                     135 tabs.py          _initWindowA (BGN) (640 x 480)
 2                     135 tabs.py          _initWindowA display=<pyglet.canvas.win32.Win32Display object at 0x00000223DB2802C8>
 2                     138 tabs.py          _initWindowA screens[0] x=0 y=    0 (1097 x 617)
 2                     138 tabs.py          _initWindowA screens[1] x=0 y=-1200 (1920 x 1200)
 2                     139 tabs.py          _initWindowA (END) (640 x 480)
  3                    161 tabs.py           _initGroups (0) g=OrderedGroup(0) pg=None
  3                    161 tabs.py           _initGroups (1) g=OrderedGroup(1) pg=None
  3                    161 tabs.py           _initGroups (2) g=OrderedGroup(2) pg=None
  3                    161 tabs.py           _initGroups (3) g=OrderedGroup(3) pg=None
  3                    161 tabs.py           _initGroups (4) g=OrderedGroup(4) pg=None
  3                    161 tabs.py           _initGroups (5) g=OrderedGroup(5) pg=None
  3                    161 tabs.py           _initGroups (6) g=OrderedGroup(6) pg=None
  3                    161 tabs.py           _initGroups (7) g=OrderedGroup(7) pg=None
  3                    161 tabs.py           _initGroups (8) g=OrderedGroup(8) pg=None
 2                     144 tabs.py          _initWindowB (BGN) (640 x 480)
 2                     151 tabs.py          _initWindowB (END) (640 x 480)
 2                     200 tabs.py                 _init (BGN) [1 3  6  20 1  20] [  0   0   0   0   0   0] 0 0 [1 1  1   1 1   1]
  3                    174 tabs.py              _initCps cps=[483 161  23  23]
  3                    183 tabs.py              _initRps rps=[483 161   6   1]
  3                    787 tabs.py             cursorCol cc=   0=(0*483 + 0*161 + 0* 23 +  0* 23 +   0)
  3                    788 tabs.py             cursorCol cc=   0=(    0 +     0 +     0 +      0 +   0)
  3                    796 tabs.py             cursorRow cr=   0=(0*483 + 0*161 + 0*  6 +  0*  1 +   0)
  3                    797 tabs.py             cursorRow cr=   0=(    0 +     0 +     0 +      0 +   0)
  3                    250 tabs.py          readDataFile (BGN) C:\Python36\my\tabs\data\tabs.B.2.20.dat      454 bytes =    0 KB
  3                    252 tabs.py          readDataFile reading  1st line
1E01--------11--------1
2B02--------22--------2
3G03--------33--------3
4D04--------44--------4
5A05--------55--------5
6E06--------66--------6
  3                    256 tabs.py          readDataFile read     1st line with     23 cols on    6 strings      138 tabs
1E07--------77--------7
2B08--------88--------8
3G09--------99--------9
4D0a--------aa--------a
5A0b--------bb--------b
6E0c--------cc--------c
  3                    256 tabs.py          readDataFile read     2nd line with     23 cols on    6 strings      138 tabs
1E0d--------dd--------d
2B0e--------ee--------e
3G0f--------ff--------f
4D0g--------gg--------g
5A0h--------hh--------h
6E0i--------ii--------i
  3                    256 tabs.py          readDataFile read     3rd line with     23 cols on    6 strings      138 tabs
  3                    262 tabs.py          readDataFile read      3 lines with     69 cols on   18 strings      414 tabs, vdf=0 blankCol(6)=------
   4                   305 tabs.py             dumpDataH (BGN) c=1 l=1 i=0 (3 x 6 x 23)=     414 tabs
Line 1
            11111111112
  @12345678901234567890
                       
1E01--------11--------1
2B02--------22--------2
3G03--------33--------3
4D04--------44--------4
5A05--------55--------5
6E06--------66--------6

Line 2
            11111111112
  @12345678901234567890
                       
1E07--------77--------7
2B08--------88--------8
3G09--------99--------9
4D0a--------aa--------a
5A0b--------bb--------b
6E0c--------cc--------c

Line 3
            11111111112
  @12345678901234567890
                       
1E0d--------dd--------d
2B0e--------ee--------e
3G0f--------ff--------f
4D0g--------gg--------g
5A0h--------hh--------h
6E0i--------ii--------i

   4                   315 tabs.py             dumpDataH (END) c=1 l=1 i=0 (3 x 6 x 23)=     414 tabs
   4                   342 tabs.py             transpose (BGN)  External   (3 x 6 x 23)=     414 tabs
   4                   354 tabs.py             transpose (END)  External   (3 x 23 x 6)=     414 tabs
   4                   318 tabs.py             dumpDataV (BGN) c=1 l=1 i=0 (3 x 23 x 6)=     414 tabs
Col Line 1 Line 2 Line 3 
  1 123456 123456 123456 
  2 EBGDAE EBGDAE EBGDAE 
  3 000000 000000 000000 
  4 123456 789abc defghi 
  5 ------ ------ ------ 
  6 ------ ------ ------ 
  7 ------ ------ ------ 
  8 ------ ------ ------ 
  9 ------ ------ ------ 
 10 ------ ------ ------ 
 11 ------ ------ ------ 
 12 ------ ------ ------ 
 13 123456 789abc defghi 
 14 123456 789abc defghi 
 15 ------ ------ ------ 
 16 ------ ------ ------ 
 17 ------ ------ ------ 
 18 ------ ------ ------ 
 19 ------ ------ ------ 
 20 ------ ------ ------ 
 21 ------ ------ ------ 
 22 ------ ------ ------ 
 23 123456 789abc defghi 
   4                   332 tabs.py             dumpDataV (END) c=1 l=1 i=0 (3 x 23 x 6)=     414 tabs
  3                    267 tabs.py          readDataFile assert: size=nt+2*(nl*ns+nl-1)      414 + 40 =      454 bytes
  3                    268 tabs.py          readDataFile (END) C:\Python36\my\tabs\data\tabs.B.2.20.dat      454 bytes =    0 KB
  3                    381 tabs.py         dumpLabelText  len(t)=23 len(t[0])=2
 R   M   @   1   2   3   4   5   6   7   8   9  10  11  12  13  14  15  16  17  18  19  20  
                                                 %                                       %  
 R   M   @   1   2   3   4   5   6   7   8   9   1   1   2   3   4   5   6   7   8   9   2  
   -2      R      R 
   -1      M      M 
    0      @      @ 
    1      1      1 
    2      2      2 
    3      3      3 
    4      4      4 
    5      5      5 
    6      6      6 
    7      7      7 
    8      8      8 
    9      9      9 
   10     10 %    1 
   11     11      1 
   12     12      2 
   13     13      3 
   14     14      4 
   15     15      5 
   16     16      6 
   17     17      7 
   18     18      8 
   19     19      9 
   20     20 %    2 
  3                    402 tabs.py         createSprites (BGN) [1 3  6  20 1  20] [  0   0   0   0   0   0] 0 0 [1 1  1   1 1   1]
    5                  374 tabs.py              dumpGeom j=0 n=  1 i=   1 x=  0 y=  0 w= 640.00 h= 480.00 g=OrderedGroup(0) mx=None my=None
    5                  374 tabs.py              dumpGeom j=1 n=  3 i=   1 x=  0 y=  0 w= 640.00 h= 160.00 g=OrderedGroup(1) mx=None my=None
    5                  374 tabs.py              dumpGeom j=4 n=  1 i=   1 x=  0 y=  0 w= 640.00 h=  22.86 g=OrderedGroup(4) mx=None my=None
    5                  374 tabs.py              dumpGeom j=5 n= 20 i=   1 x=  5 y=  5 w=  22.61 h=  13.00 g=OrderedGroup(5) mx=None my=None
   4                   423 tabs.py         createSprites xu2=16 xu3=11 yu2=468 yu3=478
